2019-09-03 20:09:32,102 INFO org.apache.hadoop.hdfs.server.namenode.NameNode: STARTUP_MSG: 
/************************************************************
STARTUP_MSG: Starting NameNode
STARTUP_MSG:   host = projectH/10.0.2.4
STARTUP_MSG:   args = []
STARTUP_MSG:   version = 2.7.3
STARTUP_MSG:   classpath = /home/harsha/hadoop-2.7.3/etc/hadoop:/home/harsha/hadoop-2.7.3/share/hadoop/common/lib/jettison-1.1.jar:/home/harsha/hadoop-2.7.3/share/hadoop/common/lib/avro-1.7.4.jar:/home/harsha/hadoop-2.7.3/share/hadoop/common/lib/mockito-all-1.8.5.jar:/home/harsha/hadoop-2.7.3/share/hadoop/common/lib/commons-net-3.1.jar:/home/harsha/hadoop-2.7.3/share/hadoop/common/lib/jaxb-api-2.2.2.jar:/home/harsha/hadoop-2.7.3/share/hadoop/common/lib/commons-cli-1.2.jar:/home/harsha/hadoop-2.7.3/share/hadoop/common/lib/commons-io-2.4.jar:/home/harsha/hadoop-2.7.3/share/hadoop/common/lib/commons-codec-1.4.jar:/home/harsha/hadoop-2.7.3/share/hadoop/common/lib/paranamer-2.3.jar:/home/harsha/hadoop-2.7.3/share/hadoop/common/lib/hadoop-annotations-2.7.3.jar:/home/harsha/hadoop-2.7.3/share/hadoop/common/lib/snappy-java-1.0.4.1.jar:/home/harsha/hadoop-2.7.3/share/hadoop/common/lib/xmlenc-0.52.jar:/home/harsha/hadoop-2.7.3/share/hadoop/common/lib/jackson-mapper-asl-1.9.13.jar:/home/harsha/hadoop-2.7.3/share/hadoop/common/lib/httpclient-4.2.5.jar:/home/harsha/hadoop-2.7.3/share/hadoop/common/lib/commons-logging-1.1.3.jar:/home/harsha/hadoop-2.7.3/share/hadoop/common/lib/gson-2.2.4.jar:/home/harsha/hadoop-2.7.3/share/hadoop/common/lib/jersey-json-1.9.jar:/home/harsha/hadoop-2.7.3/share/hadoop/common/lib/log4j-1.2.17.jar:/home/harsha/hadoop-2.7.3/share/hadoop/common/lib/guava-11.0.2.jar:/home/harsha/hadoop-2.7.3/share/hadoop/common/lib/commons-beanutils-1.7.0.jar:/home/harsha/hadoop-2.7.3/share/hadoop/common/lib/jetty-util-6.1.26.jar:/home/harsha/hadoop-2.7.3/share/hadoop/common/lib/slf4j-api-1.7.10.jar:/home/harsha/hadoop-2.7.3/share/hadoop/common/lib/protobuf-java-2.5.0.jar:/home/harsha/hadoop-2.7.3/share/hadoop/common/lib/jaxb-impl-2.2.3-1.jar:/home/harsha/hadoop-2.7.3/share/hadoop/common/lib/commons-beanutils-core-1.8.0.jar:/home/harsha/hadoop-2.7.3/share/hadoop/common/lib/jetty-6.1.26.jar:/home/harsha/hadoop-2.7.3/share/hadoop/common/lib/activation-1.1.jar:/home/harsha/hadoop-2.7.3/share/hadoop/common/lib/xz-1.0.jar:/home/harsha/hadoop-2.7.3/share/hadoop/common/lib/jersey-server-1.9.jar:/home/harsha/hadoop-2.7.3/share/hadoop/common/lib/commons-lang-2.6.jar:/home/harsha/hadoop-2.7.3/share/hadoop/common/lib/commons-httpclient-3.1.jar:/home/harsha/hadoop-2.7.3/share/hadoop/common/lib/httpcore-4.2.5.jar:/home/harsha/hadoop-2.7.3/share/hadoop/common/lib/jackson-jaxrs-1.9.13.jar:/home/harsha/hadoop-2.7.3/share/hadoop/common/lib/api-util-1.0.0-M20.jar:/home/harsha/hadoop-2.7.3/share/hadoop/common/lib/curator-recipes-2.7.1.jar:/home/harsha/hadoop-2.7.3/share/hadoop/common/lib/asm-3.2.jar:/home/harsha/hadoop-2.7.3/share/hadoop/common/lib/apacheds-kerberos-codec-2.0.0-M15.jar:/home/harsha/hadoop-2.7.3/share/hadoop/common/lib/curator-framework-2.7.1.jar:/home/harsha/hadoop-2.7.3/share/hadoop/common/lib/apacheds-i18n-2.0.0-M15.jar:/home/harsha/hadoop-2.7.3/share/hadoop/common/lib/jsch-0.1.42.jar:/home/harsha/hadoop-2.7.3/share/hadoop/common/lib/junit-4.11.jar:/home/harsha/hadoop-2.7.3/share/hadoop/common/lib/commons-math3-3.1.1.jar:/home/harsha/hadoop-2.7.3/share/hadoop/common/lib/jackson-core-asl-1.9.13.jar:/home/harsha/hadoop-2.7.3/share/hadoop/common/lib/zookeeper-3.4.6.jar:/home/harsha/hadoop-2.7.3/share/hadoop/common/lib/hamcrest-core-1.3.jar:/home/harsha/hadoop-2.7.3/share/hadoop/common/lib/slf4j-log4j12-1.7.10.jar:/home/harsha/hadoop-2.7.3/share/hadoop/common/lib/jersey-core-1.9.jar:/home/harsha/hadoop-2.7.3/share/hadoop/common/lib/commons-collections-3.2.2.jar:/home/harsha/hadoop-2.7.3/share/hadoop/common/lib/jsr305-3.0.0.jar:/home/harsha/hadoop-2.7.3/share/hadoop/common/lib/commons-compress-1.4.1.jar:/home/harsha/hadoop-2.7.3/share/hadoop/common/lib/servlet-api-2.5.jar:/home/harsha/hadoop-2.7.3/share/hadoop/common/lib/hadoop-auth-2.7.3.jar:/home/harsha/hadoop-2.7.3/share/hadoop/common/lib/curator-client-2.7.1.jar:/home/harsha/hadoop-2.7.3/share/hadoop/common/lib/jsp-api-2.1.jar:/home/harsha/hadoop-2.7.3/share/hadoop/common/lib/netty-3.6.2.Final.jar:/home/harsha/hadoop-2.7.3/share/hadoop/common/lib/commons-digester-1.8.jar:/home/harsha/hadoop-2.7.3/share/hadoop/common/lib/jackson-xc-1.9.13.jar:/home/harsha/hadoop-2.7.3/share/hadoop/common/lib/commons-configuration-1.6.jar:/home/harsha/hadoop-2.7.3/share/hadoop/common/lib/stax-api-1.0-2.jar:/home/harsha/hadoop-2.7.3/share/hadoop/common/lib/jets3t-0.9.0.jar:/home/harsha/hadoop-2.7.3/share/hadoop/common/lib/api-asn1-api-1.0.0-M20.jar:/home/harsha/hadoop-2.7.3/share/hadoop/common/lib/htrace-core-3.1.0-incubating.jar:/home/harsha/hadoop-2.7.3/share/hadoop/common/lib/java-xmlbuilder-0.4.jar:/home/harsha/hadoop-2.7.3/share/hadoop/common/hadoop-nfs-2.7.3.jar:/home/harsha/hadoop-2.7.3/share/hadoop/common/hadoop-common-2.7.3.jar:/home/harsha/hadoop-2.7.3/share/hadoop/common/hadoop-common-2.7.3-tests.jar:/home/harsha/hadoop-2.7.3/share/hadoop/hdfs:/home/harsha/hadoop-2.7.3/share/hadoop/hdfs/lib/commons-cli-1.2.jar:/home/harsha/hadoop-2.7.3/share/hadoop/hdfs/lib/commons-io-2.4.jar:/home/harsha/hadoop-2.7.3/share/hadoop/hdfs/lib/commons-codec-1.4.jar:/home/harsha/hadoop-2.7.3/share/hadoop/hdfs/lib/xmlenc-0.52.jar:/home/harsha/hadoop-2.7.3/share/hadoop/hdfs/lib/jackson-mapper-asl-1.9.13.jar:/home/harsha/hadoop-2.7.3/share/hadoop/hdfs/lib/leveldbjni-all-1.8.jar:/home/harsha/hadoop-2.7.3/share/hadoop/hdfs/lib/commons-logging-1.1.3.jar:/home/harsha/hadoop-2.7.3/share/hadoop/hdfs/lib/log4j-1.2.17.jar:/home/harsha/hadoop-2.7.3/share/hadoop/hdfs/lib/guava-11.0.2.jar:/home/harsha/hadoop-2.7.3/share/hadoop/hdfs/lib/jetty-util-6.1.26.jar:/home/harsha/hadoop-2.7.3/share/hadoop/hdfs/lib/protobuf-java-2.5.0.jar:/home/harsha/hadoop-2.7.3/share/hadoop/hdfs/lib/jetty-6.1.26.jar:/home/harsha/hadoop-2.7.3/share/hadoop/hdfs/lib/jersey-server-1.9.jar:/home/harsha/hadoop-2.7.3/share/hadoop/hdfs/lib/commons-lang-2.6.jar:/home/harsha/hadoop-2.7.3/share/hadoop/hdfs/lib/netty-all-4.0.23.Final.jar:/home/harsha/hadoop-2.7.3/share/hadoop/hdfs/lib/xercesImpl-2.9.1.jar:/home/harsha/hadoop-2.7.3/share/hadoop/hdfs/lib/asm-3.2.jar:/home/harsha/hadoop-2.7.3/share/hadoop/hdfs/lib/commons-daemon-1.0.13.jar:/home/harsha/hadoop-2.7.3/share/hadoop/hdfs/lib/jackson-core-asl-1.9.13.jar:/home/harsha/hadoop-2.7.3/share/hadoop/hdfs/lib/jersey-core-1.9.jar:/home/harsha/hadoop-2.7.3/share/hadoop/hdfs/lib/jsr305-3.0.0.jar:/home/harsha/hadoop-2.7.3/share/hadoop/hdfs/lib/xml-apis-1.3.04.jar:/home/harsha/hadoop-2.7.3/share/hadoop/hdfs/lib/servlet-api-2.5.jar:/home/harsha/hadoop-2.7.3/share/hadoop/hdfs/lib/netty-3.6.2.Final.jar:/home/harsha/hadoop-2.7.3/share/hadoop/hdfs/lib/htrace-core-3.1.0-incubating.jar:/home/harsha/hadoop-2.7.3/share/hadoop/hdfs/hadoop-hdfs-2.7.3.jar:/home/harsha/hadoop-2.7.3/share/hadoop/hdfs/hadoop-hdfs-2.7.3-tests.jar:/home/harsha/hadoop-2.7.3/share/hadoop/hdfs/hadoop-hdfs-nfs-2.7.3.jar:/home/harsha/hadoop-2.7.3/share/hadoop/yarn/lib/jettison-1.1.jar:/home/harsha/hadoop-2.7.3/share/hadoop/yarn/lib/jaxb-api-2.2.2.jar:/home/harsha/hadoop-2.7.3/share/hadoop/yarn/lib/commons-cli-1.2.jar:/home/harsha/hadoop-2.7.3/share/hadoop/yarn/lib/commons-io-2.4.jar:/home/harsha/hadoop-2.7.3/share/hadoop/yarn/lib/commons-codec-1.4.jar:/home/harsha/hadoop-2.7.3/share/hadoop/yarn/lib/jackson-mapper-asl-1.9.13.jar:/home/harsha/hadoop-2.7.3/share/hadoop/yarn/lib/leveldbjni-all-1.8.jar:/home/harsha/hadoop-2.7.3/share/hadoop/yarn/lib/commons-logging-1.1.3.jar:/home/harsha/hadoop-2.7.3/share/hadoop/yarn/lib/jersey-json-1.9.jar:/home/harsha/hadoop-2.7.3/share/hadoop/yarn/lib/log4j-1.2.17.jar:/home/harsha/hadoop-2.7.3/share/hadoop/yarn/lib/guava-11.0.2.jar:/home/harsha/hadoop-2.7.3/share/hadoop/yarn/lib/javax.inject-1.jar:/home/harsha/hadoop-2.7.3/share/hadoop/yarn/lib/jetty-util-6.1.26.jar:/home/harsha/hadoop-2.7.3/share/hadoop/yarn/lib/protobuf-java-2.5.0.jar:/home/harsha/hadoop-2.7.3/share/hadoop/yarn/lib/jaxb-impl-2.2.3-1.jar:/home/harsha/hadoop-2.7.3/share/hadoop/yarn/lib/jetty-6.1.26.jar:/home/harsha/hadoop-2.7.3/share/hadoop/yarn/lib/activation-1.1.jar:/home/harsha/hadoop-2.7.3/share/hadoop/yarn/lib/xz-1.0.jar:/home/harsha/hadoop-2.7.3/share/hadoop/yarn/lib/jersey-server-1.9.jar:/home/harsha/hadoop-2.7.3/share/hadoop/yarn/lib/guice-3.0.jar:/home/harsha/hadoop-2.7.3/share/hadoop/yarn/lib/guice-servlet-3.0.jar:/home/harsha/hadoop-2.7.3/share/hadoop/yarn/lib/commons-lang-2.6.jar:/home/harsha/hadoop-2.7.3/share/hadoop/yarn/lib/jersey-client-1.9.jar:/home/harsha/hadoop-2.7.3/share/hadoop/yarn/lib/jackson-jaxrs-1.9.13.jar:/home/harsha/hadoop-2.7.3/share/hadoop/yarn/lib/asm-3.2.jar:/home/harsha/hadoop-2.7.3/share/hadoop/yarn/lib/zookeeper-3.4.6-tests.jar:/home/harsha/hadoop-2.7.3/share/hadoop/yarn/lib/jersey-guice-1.9.jar:/home/harsha/hadoop-2.7.3/share/hadoop/yarn/lib/jackson-core-asl-1.9.13.jar:/home/harsha/hadoop-2.7.3/share/hadoop/yarn/lib/zookeeper-3.4.6.jar:/home/harsha/hadoop-2.7.3/share/hadoop/yarn/lib/jersey-core-1.9.jar:/home/harsha/hadoop-2.7.3/share/hadoop/yarn/lib/commons-collections-3.2.2.jar:/home/harsha/hadoop-2.7.3/share/hadoop/yarn/lib/jsr305-3.0.0.jar:/home/harsha/hadoop-2.7.3/share/hadoop/yarn/lib/commons-compress-1.4.1.jar:/home/harsha/hadoop-2.7.3/share/hadoop/yarn/lib/servlet-api-2.5.jar:/home/harsha/hadoop-2.7.3/share/hadoop/yarn/lib/netty-3.6.2.Final.jar:/home/harsha/hadoop-2.7.3/share/hadoop/yarn/lib/jackson-xc-1.9.13.jar:/home/harsha/hadoop-2.7.3/share/hadoop/yarn/lib/aopalliance-1.0.jar:/home/harsha/hadoop-2.7.3/share/hadoop/yarn/lib/stax-api-1.0-2.jar:/home/harsha/hadoop-2.7.3/share/hadoop/yarn/hadoop-yarn-server-common-2.7.3.jar:/home/harsha/hadoop-2.7.3/share/hadoop/yarn/hadoop-yarn-applications-distributedshell-2.7.3.jar:/home/harsha/hadoop-2.7.3/share/hadoop/yarn/hadoop-yarn-server-sharedcachemanager-2.7.3.jar:/home/harsha/hadoop-2.7.3/share/hadoop/yarn/hadoop-yarn-server-resourcemanager-2.7.3.jar:/home/harsha/hadoop-2.7.3/share/hadoop/yarn/hadoop-yarn-server-tests-2.7.3.jar:/home/harsha/hadoop-2.7.3/share/hadoop/yarn/hadoop-yarn-client-2.7.3.jar:/home/harsha/hadoop-2.7.3/share/hadoop/yarn/hadoop-yarn-common-2.7.3.jar:/home/harsha/hadoop-2.7.3/share/hadoop/yarn/hadoop-yarn-server-applicationhistoryservice-2.7.3.jar:/home/harsha/hadoop-2.7.3/share/hadoop/yarn/hadoop-yarn-applications-unmanaged-am-launcher-2.7.3.jar:/home/harsha/hadoop-2.7.3/share/hadoop/yarn/hadoop-yarn-registry-2.7.3.jar:/home/harsha/hadoop-2.7.3/share/hadoop/yarn/hadoop-yarn-server-web-proxy-2.7.3.jar:/home/harsha/hadoop-2.7.3/share/hadoop/yarn/hadoop-yarn-server-nodemanager-2.7.3.jar:/home/harsha/hadoop-2.7.3/share/hadoop/yarn/hadoop-yarn-api-2.7.3.jar:/home/harsha/hadoop-2.7.3/share/hadoop/mapreduce/lib/avro-1.7.4.jar:/home/harsha/hadoop-2.7.3/share/hadoop/mapreduce/lib/commons-io-2.4.jar:/home/harsha/hadoop-2.7.3/share/hadoop/mapreduce/lib/paranamer-2.3.jar:/home/harsha/hadoop-2.7.3/share/hadoop/mapreduce/lib/hadoop-annotations-2.7.3.jar:/home/harsha/hadoop-2.7.3/share/hadoop/mapreduce/lib/snappy-java-1.0.4.1.jar:/home/harsha/hadoop-2.7.3/share/hadoop/mapreduce/lib/jackson-mapper-asl-1.9.13.jar:/home/harsha/hadoop-2.7.3/share/hadoop/mapreduce/lib/leveldbjni-all-1.8.jar:/home/harsha/hadoop-2.7.3/share/hadoop/mapreduce/lib/log4j-1.2.17.jar:/home/harsha/hadoop-2.7.3/share/hadoop/mapreduce/lib/javax.inject-1.jar:/home/harsha/hadoop-2.7.3/share/hadoop/mapreduce/lib/protobuf-java-2.5.0.jar:/home/harsha/hadoop-2.7.3/share/hadoop/mapreduce/lib/xz-1.0.jar:/home/harsha/hadoop-2.7.3/share/hadoop/mapreduce/lib/jersey-server-1.9.jar:/home/harsha/hadoop-2.7.3/share/hadoop/mapreduce/lib/guice-3.0.jar:/home/harsha/hadoop-2.7.3/share/hadoop/mapreduce/lib/guice-servlet-3.0.jar:/home/harsha/hadoop-2.7.3/share/hadoop/mapreduce/lib/asm-3.2.jar:/home/harsha/hadoop-2.7.3/share/hadoop/mapreduce/lib/jersey-guice-1.9.jar:/home/harsha/hadoop-2.7.3/share/hadoop/mapreduce/lib/junit-4.11.jar:/home/harsha/hadoop-2.7.3/share/hadoop/mapreduce/lib/jackson-core-asl-1.9.13.jar:/home/harsha/hadoop-2.7.3/share/hadoop/mapreduce/lib/hamcrest-core-1.3.jar:/home/harsha/hadoop-2.7.3/share/hadoop/mapreduce/lib/jersey-core-1.9.jar:/home/harsha/hadoop-2.7.3/share/hadoop/mapreduce/lib/commons-compress-1.4.1.jar:/home/harsha/hadoop-2.7.3/share/hadoop/mapreduce/lib/netty-3.6.2.Final.jar:/home/harsha/hadoop-2.7.3/share/hadoop/mapreduce/lib/aopalliance-1.0.jar:/home/harsha/hadoop-2.7.3/share/hadoop/mapreduce/hadoop-mapreduce-client-hs-2.7.3.jar:/home/harsha/hadoop-2.7.3/share/hadoop/mapreduce/hadoop-mapreduce-client-hs-plugins-2.7.3.jar:/home/harsha/hadoop-2.7.3/share/hadoop/mapreduce/hadoop-mapreduce-client-jobclient-2.7.3-tests.jar:/home/harsha/hadoop-2.7.3/share/hadoop/mapreduce/hadoop-mapreduce-client-core-2.7.3.jar:/home/harsha/hadoop-2.7.3/share/hadoop/mapreduce/hadoop-mapreduce-client-common-2.7.3.jar:/home/harsha/hadoop-2.7.3/share/hadoop/mapreduce/hadoop-mapreduce-client-shuffle-2.7.3.jar:/home/harsha/hadoop-2.7.3/share/hadoop/mapreduce/hadoop-mapreduce-client-jobclient-2.7.3.jar:/home/harsha/hadoop-2.7.3/share/hadoop/mapreduce/hadoop-mapreduce-examples-2.7.3.jar:/home/harsha/hadoop-2.7.3/share/hadoop/mapreduce/hadoop-mapreduce-client-app-2.7.3.jar:/contrib/capacity-scheduler/*.jar:/contrib/capacity-scheduler/*.jar:/contrib/capacity-scheduler/*.jar
STARTUP_MSG:   build = https://git-wip-us.apache.org/repos/asf/hadoop.git -r baa91f7c6bc9cb92be5982de4719c1c8af91ccff; compiled by 'root' on 2016-08-18T01:41Z
STARTUP_MSG:   java = 1.8.0_121
************************************************************/
2019-09-03 20:09:32,115 INFO org.apache.hadoop.hdfs.server.namenode.NameNode: registered UNIX signal handlers for [TERM, HUP, INT]
2019-09-03 20:09:32,126 INFO org.apache.hadoop.hdfs.server.namenode.NameNode: createNameNode []
2019-09-03 20:09:32,563 INFO org.apache.hadoop.metrics2.impl.MetricsConfig: loaded properties from hadoop-metrics2.properties
2019-09-03 20:09:32,861 INFO org.apache.hadoop.metrics2.impl.MetricsSystemImpl: Scheduled snapshot period at 10 second(s).
2019-09-03 20:09:32,861 INFO org.apache.hadoop.metrics2.impl.MetricsSystemImpl: NameNode metrics system started
2019-09-03 20:09:32,864 INFO org.apache.hadoop.hdfs.server.namenode.NameNode: fs.defaultFS is hdfs://localhost:9000
2019-09-03 20:09:32,865 INFO org.apache.hadoop.hdfs.server.namenode.NameNode: Clients are to use localhost:9000 to access this namenode/service.
2019-09-03 20:09:33,136 INFO org.apache.hadoop.hdfs.DFSUtil: Starting Web-server for hdfs at: http://0.0.0.0:50070
2019-09-03 20:09:33,205 INFO org.mortbay.log: Logging to org.slf4j.impl.Log4jLoggerAdapter(org.mortbay.log) via org.mortbay.log.Slf4jLog
2019-09-03 20:09:33,232 INFO org.apache.hadoop.security.authentication.server.AuthenticationFilter: Unable to initialize FileSignerSecretProvider, falling back to use random secrets.
2019-09-03 20:09:33,240 INFO org.apache.hadoop.http.HttpRequestLog: Http request log for http.requests.namenode is not defined
2019-09-03 20:09:33,248 INFO org.apache.hadoop.http.HttpServer2: Added global filter 'safety' (class=org.apache.hadoop.http.HttpServer2$QuotingInputFilter)
2019-09-03 20:09:33,251 INFO org.apache.hadoop.http.HttpServer2: Added filter static_user_filter (class=org.apache.hadoop.http.lib.StaticUserWebFilter$StaticUserFilter) to context hdfs
2019-09-03 20:09:33,252 INFO org.apache.hadoop.http.HttpServer2: Added filter static_user_filter (class=org.apache.hadoop.http.lib.StaticUserWebFilter$StaticUserFilter) to context logs
2019-09-03 20:09:33,252 INFO org.apache.hadoop.http.HttpServer2: Added filter static_user_filter (class=org.apache.hadoop.http.lib.StaticUserWebFilter$StaticUserFilter) to context static
2019-09-03 20:09:33,449 INFO org.apache.hadoop.http.HttpServer2: Added filter 'org.apache.hadoop.hdfs.web.AuthFilter' (class=org.apache.hadoop.hdfs.web.AuthFilter)
2019-09-03 20:09:33,451 INFO org.apache.hadoop.http.HttpServer2: addJerseyResourcePackage: packageName=org.apache.hadoop.hdfs.server.namenode.web.resources;org.apache.hadoop.hdfs.web.resources, pathSpec=/webhdfs/v1/*
2019-09-03 20:09:33,488 INFO org.apache.hadoop.http.HttpServer2: Jetty bound to port 50070
2019-09-03 20:09:33,488 INFO org.mortbay.log: jetty-6.1.26
2019-09-03 20:09:33,869 INFO org.mortbay.log: Started HttpServer2$SelectChannelConnectorWithSafeStartup@0.0.0.0:50070
2019-09-03 20:09:33,913 WARN org.apache.hadoop.hdfs.server.namenode.FSNamesystem: Only one image storage directory (dfs.namenode.name.dir) configured. Beware of data loss due to lack of redundant storage directories!
2019-09-03 20:09:33,913 WARN org.apache.hadoop.hdfs.server.namenode.FSNamesystem: Only one namespace edits storage directory (dfs.namenode.edits.dir) configured. Beware of data loss due to lack of redundant storage directories!
2019-09-03 20:09:33,963 INFO org.apache.hadoop.hdfs.server.namenode.FSNamesystem: No KeyProvider found.
2019-09-03 20:09:33,963 INFO org.apache.hadoop.hdfs.server.namenode.FSNamesystem: fsLock is fair:true
2019-09-03 20:09:34,020 INFO org.apache.hadoop.hdfs.server.blockmanagement.DatanodeManager: dfs.block.invalidate.limit=1000
2019-09-03 20:09:34,021 INFO org.apache.hadoop.hdfs.server.blockmanagement.DatanodeManager: dfs.namenode.datanode.registration.ip-hostname-check=true
2019-09-03 20:09:34,023 INFO org.apache.hadoop.hdfs.server.blockmanagement.BlockManager: dfs.namenode.startup.delay.block.deletion.sec is set to 000:00:00:00.000
2019-09-03 20:09:34,023 INFO org.apache.hadoop.hdfs.server.blockmanagement.BlockManager: The block deletion will start around 2019 Sep 03 20:09:34
2019-09-03 20:09:34,026 INFO org.apache.hadoop.util.GSet: Computing capacity for map BlocksMap
2019-09-03 20:09:34,029 INFO org.apache.hadoop.util.GSet: VM type       = 64-bit
2019-09-03 20:09:34,031 INFO org.apache.hadoop.util.GSet: 2.0% max memory 889 MB = 17.8 MB
2019-09-03 20:09:34,031 INFO org.apache.hadoop.util.GSet: capacity      = 2^21 = 2097152 entries
2019-09-03 20:09:34,048 INFO org.apache.hadoop.hdfs.server.blockmanagement.BlockManager: dfs.block.access.token.enable=false
2019-09-03 20:09:34,049 INFO org.apache.hadoop.hdfs.server.blockmanagement.BlockManager: defaultReplication         = 1
2019-09-03 20:09:34,049 INFO org.apache.hadoop.hdfs.server.blockmanagement.BlockManager: maxReplication             = 512
2019-09-03 20:09:34,049 INFO org.apache.hadoop.hdfs.server.blockmanagement.BlockManager: minReplication             = 1
2019-09-03 20:09:34,049 INFO org.apache.hadoop.hdfs.server.blockmanagement.BlockManager: maxReplicationStreams      = 2
2019-09-03 20:09:34,049 INFO org.apache.hadoop.hdfs.server.blockmanagement.BlockManager: replicationRecheckInterval = 3000
2019-09-03 20:09:34,049 INFO org.apache.hadoop.hdfs.server.blockmanagement.BlockManager: encryptDataTransfer        = false
2019-09-03 20:09:34,049 INFO org.apache.hadoop.hdfs.server.blockmanagement.BlockManager: maxNumBlocksToLog          = 1000
2019-09-03 20:09:34,060 INFO org.apache.hadoop.hdfs.server.namenode.FSNamesystem: fsOwner             = harsha (auth:SIMPLE)
2019-09-03 20:09:34,060 INFO org.apache.hadoop.hdfs.server.namenode.FSNamesystem: supergroup          = supergroup
2019-09-03 20:09:34,060 INFO org.apache.hadoop.hdfs.server.namenode.FSNamesystem: isPermissionEnabled = true
2019-09-03 20:09:34,060 INFO org.apache.hadoop.hdfs.server.namenode.FSNamesystem: HA Enabled: false
2019-09-03 20:09:34,063 INFO org.apache.hadoop.hdfs.server.namenode.FSNamesystem: Append Enabled: true
2019-09-03 20:09:34,317 INFO org.apache.hadoop.util.GSet: Computing capacity for map INodeMap
2019-09-03 20:09:34,317 INFO org.apache.hadoop.util.GSet: VM type       = 64-bit
2019-09-03 20:09:34,317 INFO org.apache.hadoop.util.GSet: 1.0% max memory 889 MB = 8.9 MB
2019-09-03 20:09:34,317 INFO org.apache.hadoop.util.GSet: capacity      = 2^20 = 1048576 entries
2019-09-03 20:09:34,318 INFO org.apache.hadoop.hdfs.server.namenode.FSDirectory: ACLs enabled? false
2019-09-03 20:09:34,318 INFO org.apache.hadoop.hdfs.server.namenode.FSDirectory: XAttrs enabled? true
2019-09-03 20:09:34,318 INFO org.apache.hadoop.hdfs.server.namenode.FSDirectory: Maximum size of an xattr: 16384
2019-09-03 20:09:34,318 INFO org.apache.hadoop.hdfs.server.namenode.NameNode: Caching file names occuring more than 10 times
2019-09-03 20:09:34,327 INFO org.apache.hadoop.util.GSet: Computing capacity for map cachedBlocks
2019-09-03 20:09:34,327 INFO org.apache.hadoop.util.GSet: VM type       = 64-bit
2019-09-03 20:09:34,327 INFO org.apache.hadoop.util.GSet: 0.25% max memory 889 MB = 2.2 MB
2019-09-03 20:09:34,327 INFO org.apache.hadoop.util.GSet: capacity      = 2^18 = 262144 entries
2019-09-03 20:09:34,328 INFO org.apache.hadoop.hdfs.server.namenode.FSNamesystem: dfs.namenode.safemode.threshold-pct = 0.9990000128746033
2019-09-03 20:09:34,328 INFO org.apache.hadoop.hdfs.server.namenode.FSNamesystem: dfs.namenode.safemode.min.datanodes = 0
2019-09-03 20:09:34,328 INFO org.apache.hadoop.hdfs.server.namenode.FSNamesystem: dfs.namenode.safemode.extension     = 30000
2019-09-03 20:09:34,331 INFO org.apache.hadoop.hdfs.server.namenode.top.metrics.TopMetrics: NNTop conf: dfs.namenode.top.window.num.buckets = 10
2019-09-03 20:09:34,331 INFO org.apache.hadoop.hdfs.server.namenode.top.metrics.TopMetrics: NNTop conf: dfs.namenode.top.num.users = 10
2019-09-03 20:09:34,331 INFO org.apache.hadoop.hdfs.server.namenode.top.metrics.TopMetrics: NNTop conf: dfs.namenode.top.windows.minutes = 1,5,25
2019-09-03 20:09:34,337 INFO org.apache.hadoop.hdfs.server.namenode.FSNamesystem: Retry cache on namenode is enabled
2019-09-03 20:09:34,337 INFO org.apache.hadoop.hdfs.server.namenode.FSNamesystem: Retry cache will use 0.03 of total heap and retry cache entry expiry time is 600000 millis
2019-09-03 20:09:34,340 INFO org.apache.hadoop.util.GSet: Computing capacity for map NameNodeRetryCache
2019-09-03 20:09:34,340 INFO org.apache.hadoop.util.GSet: VM type       = 64-bit
2019-09-03 20:09:34,340 INFO org.apache.hadoop.util.GSet: 0.029999999329447746% max memory 889 MB = 273.1 KB
2019-09-03 20:09:34,340 INFO org.apache.hadoop.util.GSet: capacity      = 2^15 = 32768 entries
2019-09-03 20:09:34,380 INFO org.apache.hadoop.hdfs.server.common.Storage: Lock on /home/harsha/hadoopdata/hdfs/namenode/in_use.lock acquired by nodename 3222@projectH
2019-09-03 20:09:34,448 INFO org.apache.hadoop.hdfs.server.namenode.FileJournalManager: Recovering unfinalized segments in /home/harsha/hadoopdata/hdfs/namenode/current
2019-09-03 20:09:34,449 INFO org.apache.hadoop.hdfs.server.namenode.FSImage: No edit log streams selected.
2019-09-03 20:09:34,449 INFO org.apache.hadoop.hdfs.server.namenode.FSImage: Planning to load image: FSImageFile(file=/home/harsha/hadoopdata/hdfs/namenode/current/fsimage_0000000000000000000, cpktTxId=0000000000000000000)
2019-09-03 20:09:34,556 INFO org.apache.hadoop.hdfs.server.namenode.FSImageFormatPBINode: Loading 1 INodes.
2019-09-03 20:09:34,595 INFO org.apache.hadoop.hdfs.server.namenode.FSImageFormatProtobuf: Loaded FSImage in 0 seconds.
2019-09-03 20:09:34,595 INFO org.apache.hadoop.hdfs.server.namenode.FSImage: Loaded image for txid 0 from /home/harsha/hadoopdata/hdfs/namenode/current/fsimage_0000000000000000000
2019-09-03 20:09:34,607 INFO org.apache.hadoop.hdfs.server.namenode.FSNamesystem: Need to save fs image? false (staleImage=false, haEnabled=false, isRollingUpgrade=false)
2019-09-03 20:09:34,607 INFO org.apache.hadoop.hdfs.server.namenode.FSEditLog: Starting log segment at 1
2019-09-03 20:09:34,846 INFO org.apache.hadoop.hdfs.server.namenode.NameCache: initialized with 0 entries 0 lookups
2019-09-03 20:09:34,846 INFO org.apache.hadoop.hdfs.server.namenode.FSNamesystem: Finished loading FSImage in 501 msecs
2019-09-03 20:09:35,262 INFO org.apache.hadoop.hdfs.server.namenode.NameNode: RPC server is binding to localhost:9000
2019-09-03 20:09:35,270 INFO org.apache.hadoop.ipc.CallQueueManager: Using callQueue class java.util.concurrent.LinkedBlockingQueue
2019-09-03 20:09:35,285 INFO org.apache.hadoop.ipc.Server: Starting Socket Reader #1 for port 9000
2019-09-03 20:09:35,331 INFO org.apache.hadoop.hdfs.server.namenode.FSNamesystem: Registered FSNamesystemState MBean
2019-09-03 20:09:35,352 INFO org.apache.hadoop.hdfs.server.namenode.LeaseManager: Number of blocks under construction: 0
2019-09-03 20:09:35,352 INFO org.apache.hadoop.hdfs.server.namenode.LeaseManager: Number of blocks under construction: 0
2019-09-03 20:09:35,353 INFO org.apache.hadoop.hdfs.server.namenode.FSNamesystem: initializing replication queues
2019-09-03 20:09:35,358 INFO org.apache.hadoop.hdfs.StateChange: STATE* Leaving safe mode after 1 secs
2019-09-03 20:09:35,358 INFO org.apache.hadoop.hdfs.StateChange: STATE* Network topology has 0 racks and 0 datanodes
2019-09-03 20:09:35,359 INFO org.apache.hadoop.hdfs.StateChange: STATE* UnderReplicatedBlocks has 0 blocks
2019-09-03 20:09:35,366 INFO org.apache.hadoop.hdfs.server.blockmanagement.DatanodeDescriptor: Number of failed storage changes from 0 to 0
2019-09-03 20:09:35,376 INFO org.apache.hadoop.hdfs.server.blockmanagement.BlockManager: Total number of blocks            = 0
2019-09-03 20:09:35,376 INFO org.apache.hadoop.hdfs.server.blockmanagement.BlockManager: Number of invalid blocks          = 0
2019-09-03 20:09:35,376 INFO org.apache.hadoop.hdfs.server.blockmanagement.BlockManager: Number of under-replicated blocks = 0
2019-09-03 20:09:35,376 INFO org.apache.hadoop.hdfs.server.blockmanagement.BlockManager: Number of  over-replicated blocks = 0
2019-09-03 20:09:35,376 INFO org.apache.hadoop.hdfs.server.blockmanagement.BlockManager: Number of blocks being written    = 0
2019-09-03 20:09:35,376 INFO org.apache.hadoop.hdfs.StateChange: STATE* Replication Queue initialization scan for invalid, over- and under-replicated blocks completed in 18 msec
2019-09-03 20:09:35,407 INFO org.apache.hadoop.ipc.Server: IPC Server Responder: starting
2019-09-03 20:09:35,407 INFO org.apache.hadoop.ipc.Server: IPC Server listener on 9000: starting
2019-09-03 20:09:35,411 INFO org.apache.hadoop.hdfs.server.namenode.NameNode: NameNode RPC up at: localhost/127.0.0.1:9000
2019-09-03 20:09:35,412 INFO org.apache.hadoop.hdfs.server.namenode.FSNamesystem: Starting services required for active state
2019-09-03 20:09:35,415 INFO org.apache.hadoop.hdfs.server.blockmanagement.CacheReplicationMonitor: Starting CacheReplicationMonitor with interval 30000 milliseconds
2019-09-03 20:09:58,446 INFO org.apache.hadoop.hdfs.StateChange: BLOCK* registerDatanode: from DatanodeRegistration(127.0.0.1:50010, datanodeUuid=291afb32-487c-41bf-9ea5-a0f0788313f6, infoPort=50075, infoSecurePort=0, ipcPort=50020, storageInfo=lv=-56;cid=CID-a79898a5-d50d-4d23-85af-df6d6aae3463;nsid=54973025;c=0) storage 291afb32-487c-41bf-9ea5-a0f0788313f6
2019-09-03 20:09:58,446 INFO org.apache.hadoop.hdfs.server.blockmanagement.DatanodeDescriptor: Number of failed storage changes from 0 to 0
2019-09-03 20:09:58,447 INFO org.apache.hadoop.net.NetworkTopology: Adding a new node: /default-rack/127.0.0.1:50010
2019-09-03 20:09:58,569 INFO org.apache.hadoop.hdfs.server.blockmanagement.DatanodeDescriptor: Number of failed storage changes from 0 to 0
2019-09-03 20:09:58,569 INFO org.apache.hadoop.hdfs.server.blockmanagement.DatanodeDescriptor: Adding new storage ID DS-ee8a1665-f3a5-401b-be5a-8d2577387748 for DN 127.0.0.1:50010
2019-09-03 20:09:58,614 INFO BlockStateChange: BLOCK* processReport: from storage DS-ee8a1665-f3a5-401b-be5a-8d2577387748 node DatanodeRegistration(127.0.0.1:50010, datanodeUuid=291afb32-487c-41bf-9ea5-a0f0788313f6, infoPort=50075, infoSecurePort=0, ipcPort=50020, storageInfo=lv=-56;cid=CID-a79898a5-d50d-4d23-85af-df6d6aae3463;nsid=54973025;c=0), blocks: 0, hasStaleStorage: false, processing time: 2 msecs
2019-09-03 20:18:51,299 ERROR org.apache.hadoop.hdfs.server.namenode.NameNode: RECEIVED SIGNAL 15: SIGTERM
2019-09-03 20:18:51,301 INFO org.apache.hadoop.hdfs.server.namenode.NameNode: SHUTDOWN_MSG: 
/************************************************************
SHUTDOWN_MSG: Shutting down NameNode at projectH/10.0.2.4
2019-09-16 00:04:01,518 INFO BlockStateChange: BLOCK* processReport: from storage DS-ee8a1665-f3a5-401b-be5a-8d2577387748 node DatanodeRegistration(127.0.0.1:50010, datanodeUuid=291afb32-487c-41bf-9ea5-a0f0788313f6, infoPort=50075, infoSecurePort=0, ipcPort=50020, storageInfo=lv=-56;cid=CID-a79898a5-d50d-4d23-85af-df6d6aae3463;nsid=54973025;c=0), blocks: 40, hasStaleStorage: false, processing time: 0 msecs
2019-09-16 00:22:13,221 INFO org.apache.hadoop.hdfs.server.namenode.FSNamesystem: Roll Edit Log from 127.0.0.1
2019-09-16 00:22:13,221 INFO org.apache.hadoop.hdfs.server.namenode.FSEditLog: Rolling edit logs
2019-09-16 00:22:13,221 INFO org.apache.hadoop.hdfs.server.namenode.FSEditLog: Ending log segment 1628
2019-09-16 00:22:13,221 INFO org.apache.hadoop.hdfs.server.namenode.FSEditLog: Number of transactions: 2 Total time for transactions(ms): 1 Number of transactions batched in Syncs: 0 Number of syncs: 2 SyncTimes(ms): 66 
2019-09-16 00:22:13,228 INFO org.apache.hadoop.hdfs.server.namenode.FSEditLog: Number of transactions: 2 Total time for transactions(ms): 1 Number of transactions batched in Syncs: 0 Number of syncs: 3 SyncTimes(ms): 72 
2019-09-16 00:22:13,228 INFO org.apache.hadoop.hdfs.server.namenode.FileJournalManager: Finalizing edits file /home/harsha/hadoopdata/hdfs/namenode/current/edits_inprogress_0000000000000001628 -> /home/harsha/hadoopdata/hdfs/namenode/current/edits_0000000000000001628-0000000000000001629
2019-09-16 00:22:13,228 INFO org.apache.hadoop.hdfs.server.namenode.FSEditLog: Starting log segment at 1630
2019-09-16 00:22:13,419 INFO org.apache.hadoop.hdfs.server.namenode.TransferFsImage: Transfer took 0.04s at 162.79 KB/s
2019-09-16 00:22:13,419 INFO org.apache.hadoop.hdfs.server.namenode.TransferFsImage: Downloaded file fsimage.ckpt_0000000000000001629 size 7396 bytes.
2019-09-16 00:22:13,428 INFO org.apache.hadoop.hdfs.server.namenode.NNStorageRetentionManager: Going to retain 2 images with txid >= 1627
2019-09-16 00:22:13,428 INFO org.apache.hadoop.hdfs.server.namenode.NNStorageRetentionManager: Purging old image FSImageFile(file=/home/harsha/hadoopdata/hdfs/namenode/current/fsimage_0000000000000001625, cpktTxId=0000000000000001625)
2019-09-16 01:22:13,648 INFO org.apache.hadoop.hdfs.server.namenode.FSNamesystem: Roll Edit Log from 127.0.0.1
2019-09-16 01:22:13,648 INFO org.apache.hadoop.hdfs.server.namenode.FSEditLog: Rolling edit logs
2019-09-16 01:22:13,648 INFO org.apache.hadoop.hdfs.server.namenode.FSEditLog: Ending log segment 1630
2019-09-16 01:22:13,649 INFO org.apache.hadoop.hdfs.server.namenode.FSEditLog: Number of transactions: 2 Total time for transactions(ms): 0 Number of transactions batched in Syncs: 0 Number of syncs: 2 SyncTimes(ms): 76 
2019-09-16 01:22:13,659 INFO org.apache.hadoop.hdfs.server.namenode.FSEditLog: Number of transactions: 2 Total time for transactions(ms): 0 Number of transactions batched in Syncs: 0 Number of syncs: 3 SyncTimes(ms): 87 
2019-09-16 01:22:13,660 INFO org.apache.hadoop.hdfs.server.namenode.FileJournalManager: Finalizing edits file /home/harsha/hadoopdata/hdfs/namenode/current/edits_inprogress_0000000000000001630 -> /home/harsha/hadoopdata/hdfs/namenode/current/edits_0000000000000001630-0000000000000001631
2019-09-16 01:22:13,660 INFO org.apache.hadoop.hdfs.server.namenode.FSEditLog: Starting log segment at 1632
2019-09-16 01:22:13,820 INFO org.apache.hadoop.hdfs.server.namenode.TransferFsImage: Transfer took 0.04s at 194.44 KB/s
2019-09-16 01:22:13,821 INFO org.apache.hadoop.hdfs.server.namenode.TransferFsImage: Downloaded file fsimage.ckpt_0000000000000001631 size 7396 bytes.
2019-09-16 01:22:13,833 INFO org.apache.hadoop.hdfs.server.namenode.NNStorageRetentionManager: Going to retain 2 images with txid >= 1629
2019-09-16 01:22:13,833 INFO org.apache.hadoop.hdfs.server.namenode.NNStorageRetentionManager: Purging old image FSImageFile(file=/home/harsha/hadoopdata/hdfs/namenode/current/fsimage_0000000000000001627, cpktTxId=0000000000000001627)
2019-09-16 02:22:14,071 INFO org.apache.hadoop.hdfs.server.namenode.FSNamesystem: Roll Edit Log from 127.0.0.1
2019-09-16 02:22:14,071 INFO org.apache.hadoop.hdfs.server.namenode.FSEditLog: Rolling edit logs
2019-09-16 02:22:14,071 INFO org.apache.hadoop.hdfs.server.namenode.FSEditLog: Ending log segment 1632
2019-09-16 02:22:14,071 INFO org.apache.hadoop.hdfs.server.namenode.FSEditLog: Number of transactions: 2 Total time for transactions(ms): 0 Number of transactions batched in Syncs: 0 Number of syncs: 2 SyncTimes(ms): 62 
2019-09-16 02:22:14,470 INFO org.apache.hadoop.hdfs.server.namenode.FSEditLog: Number of transactions: 2 Total time for transactions(ms): 0 Number of transactions batched in Syncs: 0 Number of syncs: 3 SyncTimes(ms): 461 
2019-09-16 02:22:14,470 INFO org.apache.hadoop.hdfs.server.namenode.FileJournalManager: Finalizing edits file /home/harsha/hadoopdata/hdfs/namenode/current/edits_inprogress_0000000000000001632 -> /home/harsha/hadoopdata/hdfs/namenode/current/edits_0000000000000001632-0000000000000001633
2019-09-16 02:22:14,471 INFO org.apache.hadoop.hdfs.server.namenode.FSEditLog: Starting log segment at 1634
2019-09-16 02:22:14,679 INFO org.apache.hadoop.hdfs.server.namenode.TransferFsImage: Transfer took 0.05s at 137.25 KB/s
2019-09-16 02:22:14,679 INFO org.apache.hadoop.hdfs.server.namenode.TransferFsImage: Downloaded file fsimage.ckpt_0000000000000001633 size 7396 bytes.
2019-09-16 02:22:14,687 INFO org.apache.hadoop.hdfs.server.namenode.NNStorageRetentionManager: Going to retain 2 images with txid >= 1631
2019-09-16 02:22:14,687 INFO org.apache.hadoop.hdfs.server.namenode.NNStorageRetentionManager: Purging old image FSImageFile(file=/home/harsha/hadoopdata/hdfs/namenode/current/fsimage_0000000000000001629, cpktTxId=0000000000000001629)
2019-09-16 02:36:03,015 INFO org.apache.hadoop.hdfs.server.namenode.top.window.RollingWindowManager: topN size for command getfileinfo is: 0
2019-09-16 02:36:03,015 INFO org.apache.hadoop.hdfs.server.namenode.top.window.RollingWindowManager: topN size for command rename (options=[NONE]) is: 0
2019-09-16 02:36:03,015 INFO org.apache.hadoop.hdfs.server.namenode.top.window.RollingWindowManager: topN size for command rename is: 0
2019-09-16 02:36:03,015 INFO org.apache.hadoop.hdfs.server.namenode.top.window.RollingWindowManager: topN size for command mkdirs is: 0
2019-09-16 02:36:03,015 INFO org.apache.hadoop.hdfs.server.namenode.top.window.RollingWindowManager: topN size for command listStatus is: 0
2019-09-16 02:36:03,015 INFO org.apache.hadoop.hdfs.server.namenode.top.window.RollingWindowManager: topN size for command create is: 0
2019-09-16 02:36:03,015 INFO org.apache.hadoop.hdfs.server.namenode.top.window.RollingWindowManager: topN size for command * is: 0
2019-09-16 02:36:03,015 INFO org.apache.hadoop.hdfs.server.namenode.top.window.RollingWindowManager: topN size for command setPermission is: 0
2019-09-16 02:36:03,015 INFO org.apache.hadoop.hdfs.server.namenode.top.window.RollingWindowManager: topN size for command delete is: 0
2019-09-16 02:36:03,015 INFO org.apache.hadoop.hdfs.server.namenode.top.window.RollingWindowManager: topN size for command setReplication is: 0
2019-09-16 02:36:03,015 INFO org.apache.hadoop.hdfs.server.namenode.top.window.RollingWindowManager: topN size for command open is: 0
2019-09-16 02:36:03,015 INFO org.apache.hadoop.hdfs.server.namenode.top.window.RollingWindowManager: topN size for command getfileinfo is: 0
2019-09-16 02:36:03,015 INFO org.apache.hadoop.hdfs.server.namenode.top.window.RollingWindowManager: topN size for command rename (options=[NONE]) is: 0
2019-09-16 02:36:03,015 INFO org.apache.hadoop.hdfs.server.namenode.top.window.RollingWindowManager: topN size for command rename is: 0
2019-09-16 02:36:03,015 INFO org.apache.hadoop.hdfs.server.namenode.top.window.RollingWindowManager: topN size for command mkdirs is: 0
2019-09-16 02:36:03,016 INFO org.apache.hadoop.hdfs.server.namenode.top.window.RollingWindowManager: topN size for command listStatus is: 1
2019-09-16 02:36:03,019 INFO org.apache.hadoop.hdfs.server.namenode.top.window.RollingWindowManager: topN size for command create is: 0
2019-09-16 02:36:03,019 INFO org.apache.hadoop.hdfs.server.namenode.top.window.RollingWindowManager: topN size for command * is: 1
2019-09-16 02:36:03,019 INFO org.apache.hadoop.hdfs.server.namenode.top.window.RollingWindowManager: topN size for command setPermission is: 0
2019-09-16 02:36:03,019 INFO org.apache.hadoop.hdfs.server.namenode.top.window.RollingWindowManager: topN size for command delete is: 0
2019-09-16 02:36:03,019 INFO org.apache.hadoop.hdfs.server.namenode.top.window.RollingWindowManager: topN size for command setReplication is: 0
2019-09-16 02:36:03,019 INFO org.apache.hadoop.hdfs.server.namenode.top.window.RollingWindowManager: topN size for command open is: 0
2019-09-16 02:36:03,019 INFO org.apache.hadoop.hdfs.server.namenode.top.window.RollingWindowManager: topN size for command getfileinfo is: 0
2019-09-16 02:36:03,019 INFO org.apache.hadoop.hdfs.server.namenode.top.window.RollingWindowManager: topN size for command rename (options=[NONE]) is: 0
2019-09-16 02:36:03,020 INFO org.apache.hadoop.hdfs.server.namenode.top.window.RollingWindowManager: topN size for command rename is: 0
2019-09-16 02:36:03,020 INFO org.apache.hadoop.hdfs.server.namenode.top.window.RollingWindowManager: topN size for command mkdirs is: 0
2019-09-16 02:36:03,020 INFO org.apache.hadoop.hdfs.server.namenode.top.window.RollingWindowManager: topN size for command listStatus is: 1
2019-09-16 02:36:03,020 INFO org.apache.hadoop.hdfs.server.namenode.top.window.RollingWindowManager: topN size for command create is: 0
2019-09-16 02:36:03,020 INFO org.apache.hadoop.hdfs.server.namenode.top.window.RollingWindowManager: topN size for command * is: 1
2019-09-16 02:36:03,020 INFO org.apache.hadoop.hdfs.server.namenode.top.window.RollingWindowManager: topN size for command setPermission is: 0
2019-09-16 02:36:03,020 INFO org.apache.hadoop.hdfs.server.namenode.top.window.RollingWindowManager: topN size for command delete is: 0
2019-09-16 02:36:03,020 INFO org.apache.hadoop.hdfs.server.namenode.top.window.RollingWindowManager: topN size for command setReplication is: 0
2019-09-16 02:36:03,020 INFO org.apache.hadoop.hdfs.server.namenode.top.window.RollingWindowManager: topN size for command open is: 0
2019-09-16 03:22:14,928 INFO org.apache.hadoop.hdfs.server.namenode.FSNamesystem: Roll Edit Log from 127.0.0.1
2019-09-16 03:22:14,928 INFO org.apache.hadoop.hdfs.server.namenode.FSEditLog: Rolling edit logs
2019-09-16 03:22:14,928 INFO org.apache.hadoop.hdfs.server.namenode.FSEditLog: Ending log segment 1634
2019-09-16 03:22:14,928 INFO org.apache.hadoop.hdfs.server.namenode.FSEditLog: Number of transactions: 4 Total time for transactions(ms): 0 Number of transactions batched in Syncs: 0 Number of syncs: 2 SyncTimes(ms): 97 
2019-09-16 03:22:14,934 INFO org.apache.hadoop.hdfs.server.namenode.FSEditLog: Number of transactions: 4 Total time for transactions(ms): 0 Number of transactions batched in Syncs: 0 Number of syncs: 3 SyncTimes(ms): 103 
2019-09-16 03:22:14,935 INFO org.apache.hadoop.hdfs.server.namenode.FileJournalManager: Finalizing edits file /home/harsha/hadoopdata/hdfs/namenode/current/edits_inprogress_0000000000000001634 -> /home/harsha/hadoopdata/hdfs/namenode/current/edits_0000000000000001634-0000000000000001637
2019-09-16 03:22:14,935 INFO org.apache.hadoop.hdfs.server.namenode.FSEditLog: Starting log segment at 1638
2019-09-16 03:22:15,135 INFO org.apache.hadoop.hdfs.server.namenode.TransferFsImage: Transfer took 0.02s at 437.50 KB/s
2019-09-16 03:22:15,135 INFO org.apache.hadoop.hdfs.server.namenode.TransferFsImage: Downloaded file fsimage.ckpt_0000000000000001637 size 7396 bytes.
2019-09-16 03:22:15,174 INFO org.apache.hadoop.hdfs.server.namenode.NNStorageRetentionManager: Going to retain 2 images with txid >= 1633
2019-09-16 03:22:15,174 INFO org.apache.hadoop.hdfs.server.namenode.NNStorageRetentionManager: Purging old image FSImageFile(file=/home/harsha/hadoopdata/hdfs/namenode/current/fsimage_0000000000000001631, cpktTxId=0000000000000001631)
2019-09-16 04:22:15,413 INFO org.apache.hadoop.hdfs.server.namenode.FSNamesystem: Roll Edit Log from 127.0.0.1
2019-09-16 04:22:15,413 INFO org.apache.hadoop.hdfs.server.namenode.FSEditLog: Rolling edit logs
2019-09-16 04:22:15,413 INFO org.apache.hadoop.hdfs.server.namenode.FSEditLog: Ending log segment 1638
2019-09-16 04:22:15,413 INFO org.apache.hadoop.hdfs.server.namenode.FSEditLog: Number of transactions: 2 Total time for transactions(ms): 1 Number of transactions batched in Syncs: 0 Number of syncs: 2 SyncTimes(ms): 94 
2019-09-16 04:22:15,418 INFO org.apache.hadoop.hdfs.server.namenode.FSEditLog: Number of transactions: 2 Total time for transactions(ms): 1 Number of transactions batched in Syncs: 0 Number of syncs: 3 SyncTimes(ms): 99 
2019-09-16 04:22:15,419 INFO org.apache.hadoop.hdfs.server.namenode.FileJournalManager: Finalizing edits file /home/harsha/hadoopdata/hdfs/namenode/current/edits_inprogress_0000000000000001638 -> /home/harsha/hadoopdata/hdfs/namenode/current/edits_0000000000000001638-0000000000000001639
2019-09-16 04:22:15,419 INFO org.apache.hadoop.hdfs.server.namenode.FSEditLog: Starting log segment at 1640
2019-09-16 04:22:15,547 INFO org.apache.hadoop.hdfs.server.namenode.TransferFsImage: Transfer took 0.01s at 500.00 KB/s
2019-09-16 04:22:15,547 INFO org.apache.hadoop.hdfs.server.namenode.TransferFsImage: Downloaded file fsimage.ckpt_0000000000000001639 size 7396 bytes.
2019-09-16 04:22:15,585 INFO org.apache.hadoop.hdfs.server.namenode.NNStorageRetentionManager: Going to retain 2 images with txid >= 1637
2019-09-16 04:22:15,585 INFO org.apache.hadoop.hdfs.server.namenode.NNStorageRetentionManager: Purging old image FSImageFile(file=/home/harsha/hadoopdata/hdfs/namenode/current/fsimage_0000000000000001633, cpktTxId=0000000000000001633)
2019-09-16 05:22:15,807 INFO org.apache.hadoop.hdfs.server.namenode.FSNamesystem: Roll Edit Log from 127.0.0.1
2019-09-16 05:22:15,807 INFO org.apache.hadoop.hdfs.server.namenode.FSEditLog: Rolling edit logs
2019-09-16 05:22:15,807 INFO org.apache.hadoop.hdfs.server.namenode.FSEditLog: Ending log segment 1640
2019-09-16 05:22:15,807 INFO org.apache.hadoop.hdfs.server.namenode.FSEditLog: Number of transactions: 2 Total time for transactions(ms): 0 Number of transactions batched in Syncs: 0 Number of syncs: 2 SyncTimes(ms): 40 
2019-09-16 05:22:15,815 INFO org.apache.hadoop.hdfs.server.namenode.FSEditLog: Number of transactions: 2 Total time for transactions(ms): 0 Number of transactions batched in Syncs: 0 Number of syncs: 3 SyncTimes(ms): 49 
2019-09-16 05:22:15,816 INFO org.apache.hadoop.hdfs.server.namenode.FileJournalManager: Finalizing edits file /home/harsha/hadoopdata/hdfs/namenode/current/edits_inprogress_0000000000000001640 -> /home/harsha/hadoopdata/hdfs/namenode/current/edits_0000000000000001640-0000000000000001641
2019-09-16 05:22:15,816 INFO org.apache.hadoop.hdfs.server.namenode.FSEditLog: Starting log segment at 1642
2019-09-16 05:22:15,998 INFO org.apache.hadoop.hdfs.server.namenode.TransferFsImage: Transfer took 0.04s at 166.67 KB/s
2019-09-16 05:22:15,998 INFO org.apache.hadoop.hdfs.server.namenode.TransferFsImage: Downloaded file fsimage.ckpt_0000000000000001641 size 7396 bytes.
2019-09-16 05:22:16,010 INFO org.apache.hadoop.hdfs.server.namenode.NNStorageRetentionManager: Going to retain 2 images with txid >= 1639
2019-09-16 05:22:16,010 INFO org.apache.hadoop.hdfs.server.namenode.NNStorageRetentionManager: Purging old image FSImageFile(file=/home/harsha/hadoopdata/hdfs/namenode/current/fsimage_0000000000000001637, cpktTxId=0000000000000001637)
2019-09-16 06:04:02,500 INFO BlockStateChange: BLOCK* processReport: from storage DS-ee8a1665-f3a5-401b-be5a-8d2577387748 node DatanodeRegistration(127.0.0.1:50010, datanodeUuid=291afb32-487c-41bf-9ea5-a0f0788313f6, infoPort=50075, infoSecurePort=0, ipcPort=50020, storageInfo=lv=-56;cid=CID-a79898a5-d50d-4d23-85af-df6d6aae3463;nsid=54973025;c=0), blocks: 40, hasStaleStorage: false, processing time: 0 msecs
2019-09-16 06:22:16,238 INFO org.apache.hadoop.hdfs.server.namenode.FSNamesystem: Roll Edit Log from 127.0.0.1
2019-09-16 06:22:16,238 INFO org.apache.hadoop.hdfs.server.namenode.FSEditLog: Rolling edit logs
2019-09-16 06:22:16,238 INFO org.apache.hadoop.hdfs.server.namenode.FSEditLog: Ending log segment 1642
2019-09-16 06:22:16,238 INFO org.apache.hadoop.hdfs.server.namenode.FSEditLog: Number of transactions: 2 Total time for transactions(ms): 1 Number of transactions batched in Syncs: 0 Number of syncs: 2 SyncTimes(ms): 53 
2019-09-16 06:22:16,243 INFO org.apache.hadoop.hdfs.server.namenode.FSEditLog: Number of transactions: 2 Total time for transactions(ms): 1 Number of transactions batched in Syncs: 0 Number of syncs: 3 SyncTimes(ms): 58 
2019-09-16 06:22:16,244 INFO org.apache.hadoop.hdfs.server.namenode.FileJournalManager: Finalizing edits file /home/harsha/hadoopdata/hdfs/namenode/current/edits_inprogress_0000000000000001642 -> /home/harsha/hadoopdata/hdfs/namenode/current/edits_0000000000000001642-0000000000000001643
2019-09-16 06:22:16,244 INFO org.apache.hadoop.hdfs.server.namenode.FSEditLog: Starting log segment at 1644
2019-09-16 06:22:16,415 INFO org.apache.hadoop.hdfs.server.namenode.TransferFsImage: Transfer took 0.03s at 241.38 KB/s
2019-09-16 06:22:16,415 INFO org.apache.hadoop.hdfs.server.namenode.TransferFsImage: Downloaded file fsimage.ckpt_0000000000000001643 size 7396 bytes.
2019-09-16 06:22:16,424 INFO org.apache.hadoop.hdfs.server.namenode.NNStorageRetentionManager: Going to retain 2 images with txid >= 1641
2019-09-16 06:22:16,424 INFO org.apache.hadoop.hdfs.server.namenode.NNStorageRetentionManager: Purging old image FSImageFile(file=/home/harsha/hadoopdata/hdfs/namenode/current/fsimage_0000000000000001639, cpktTxId=0000000000000001639)
2019-09-16 07:22:16,639 INFO org.apache.hadoop.hdfs.server.namenode.FSNamesystem: Roll Edit Log from 127.0.0.1
2019-09-16 07:22:16,639 INFO org.apache.hadoop.hdfs.server.namenode.FSEditLog: Rolling edit logs
2019-09-16 07:22:16,639 INFO org.apache.hadoop.hdfs.server.namenode.FSEditLog: Ending log segment 1644
2019-09-16 07:22:16,639 INFO org.apache.hadoop.hdfs.server.namenode.FSEditLog: Number of transactions: 2 Total time for transactions(ms): 1 Number of transactions batched in Syncs: 0 Number of syncs: 2 SyncTimes(ms): 52 
2019-09-16 07:22:16,649 INFO org.apache.hadoop.hdfs.server.namenode.FSEditLog: Number of transactions: 2 Total time for transactions(ms): 1 Number of transactions batched in Syncs: 0 Number of syncs: 3 SyncTimes(ms): 61 
2019-09-16 07:22:16,650 INFO org.apache.hadoop.hdfs.server.namenode.FileJournalManager: Finalizing edits file /home/harsha/hadoopdata/hdfs/namenode/current/edits_inprogress_0000000000000001644 -> /home/harsha/hadoopdata/hdfs/namenode/current/edits_0000000000000001644-0000000000000001645
2019-09-16 07:22:16,650 INFO org.apache.hadoop.hdfs.server.namenode.FSEditLog: Starting log segment at 1646
2019-09-16 07:22:16,811 INFO org.apache.hadoop.hdfs.server.namenode.TransferFsImage: Transfer took 0.03s at 225.81 KB/s
2019-09-16 07:22:16,811 INFO org.apache.hadoop.hdfs.server.namenode.TransferFsImage: Downloaded file fsimage.ckpt_0000000000000001645 size 7396 bytes.
2019-09-16 07:22:16,820 INFO org.apache.hadoop.hdfs.server.namenode.NNStorageRetentionManager: Going to retain 2 images with txid >= 1643
2019-09-16 07:22:16,821 INFO org.apache.hadoop.hdfs.server.namenode.NNStorageRetentionManager: Purging old image FSImageFile(file=/home/harsha/hadoopdata/hdfs/namenode/current/fsimage_0000000000000001641, cpktTxId=0000000000000001641)
2019-09-16 08:22:17,049 INFO org.apache.hadoop.hdfs.server.namenode.FSNamesystem: Roll Edit Log from 127.0.0.1
2019-09-16 08:22:17,049 INFO org.apache.hadoop.hdfs.server.namenode.FSEditLog: Rolling edit logs
2019-09-16 08:22:17,049 INFO org.apache.hadoop.hdfs.server.namenode.FSEditLog: Ending log segment 1646
2019-09-16 08:22:17,050 INFO org.apache.hadoop.hdfs.server.namenode.FSEditLog: Number of transactions: 2 Total time for transactions(ms): 0 Number of transactions batched in Syncs: 0 Number of syncs: 2 SyncTimes(ms): 51 
2019-09-16 08:22:17,515 INFO org.apache.hadoop.hdfs.server.namenode.FSEditLog: Number of transactions: 2 Total time for transactions(ms): 0 Number of transactions batched in Syncs: 0 Number of syncs: 3 SyncTimes(ms): 517 
2019-09-16 08:22:17,516 INFO org.apache.hadoop.hdfs.server.namenode.FileJournalManager: Finalizing edits file /home/harsha/hadoopdata/hdfs/namenode/current/edits_inprogress_0000000000000001646 -> /home/harsha/hadoopdata/hdfs/namenode/current/edits_0000000000000001646-0000000000000001647
2019-09-16 08:22:17,516 INFO org.apache.hadoop.hdfs.server.namenode.FSEditLog: Starting log segment at 1648
2019-09-16 08:22:17,675 INFO org.apache.hadoop.hdfs.server.namenode.TransferFsImage: Transfer took 0.03s at 269.23 KB/s
2019-09-16 08:22:17,675 INFO org.apache.hadoop.hdfs.server.namenode.TransferFsImage: Downloaded file fsimage.ckpt_0000000000000001647 size 7396 bytes.
2019-09-16 08:22:17,711 INFO org.apache.hadoop.hdfs.server.namenode.NNStorageRetentionManager: Going to retain 2 images with txid >= 1645
2019-09-16 08:22:17,711 INFO org.apache.hadoop.hdfs.server.namenode.NNStorageRetentionManager: Purging old image FSImageFile(file=/home/harsha/hadoopdata/hdfs/namenode/current/fsimage_0000000000000001643, cpktTxId=0000000000000001643)
2019-09-16 09:22:17,929 INFO org.apache.hadoop.hdfs.server.namenode.FSNamesystem: Roll Edit Log from 127.0.0.1
2019-09-16 09:22:17,929 INFO org.apache.hadoop.hdfs.server.namenode.FSEditLog: Rolling edit logs
2019-09-16 09:22:17,929 INFO org.apache.hadoop.hdfs.server.namenode.FSEditLog: Ending log segment 1648
2019-09-16 09:22:17,930 INFO org.apache.hadoop.hdfs.server.namenode.FSEditLog: Number of transactions: 2 Total time for transactions(ms): 0 Number of transactions batched in Syncs: 0 Number of syncs: 2 SyncTimes(ms): 59 
2019-09-16 09:22:17,934 INFO org.apache.hadoop.hdfs.server.namenode.FSEditLog: Number of transactions: 2 Total time for transactions(ms): 0 Number of transactions batched in Syncs: 0 Number of syncs: 3 SyncTimes(ms): 64 
2019-09-16 09:22:17,935 INFO org.apache.hadoop.hdfs.server.namenode.FileJournalManager: Finalizing edits file /home/harsha/hadoopdata/hdfs/namenode/current/edits_inprogress_0000000000000001648 -> /home/harsha/hadoopdata/hdfs/namenode/current/edits_0000000000000001648-0000000000000001649
2019-09-16 09:22:17,935 INFO org.apache.hadoop.hdfs.server.namenode.FSEditLog: Starting log segment at 1650
2019-09-16 09:22:18,079 INFO org.apache.hadoop.hdfs.server.namenode.TransferFsImage: Transfer took 0.03s at 233.33 KB/s
2019-09-16 09:22:18,079 INFO org.apache.hadoop.hdfs.server.namenode.TransferFsImage: Downloaded file fsimage.ckpt_0000000000000001649 size 7396 bytes.
2019-09-16 09:22:18,117 INFO org.apache.hadoop.hdfs.server.namenode.NNStorageRetentionManager: Going to retain 2 images with txid >= 1647
2019-09-16 09:22:18,117 INFO org.apache.hadoop.hdfs.server.namenode.NNStorageRetentionManager: Purging old image FSImageFile(file=/home/harsha/hadoopdata/hdfs/namenode/current/fsimage_0000000000000001645, cpktTxId=0000000000000001645)
2019-09-16 10:22:18,336 INFO org.apache.hadoop.hdfs.server.namenode.FSNamesystem: Roll Edit Log from 127.0.0.1
2019-09-16 10:22:18,336 INFO org.apache.hadoop.hdfs.server.namenode.FSEditLog: Rolling edit logs
2019-09-16 10:22:18,336 INFO org.apache.hadoop.hdfs.server.namenode.FSEditLog: Ending log segment 1650
2019-09-16 10:22:18,336 INFO org.apache.hadoop.hdfs.server.namenode.FSEditLog: Number of transactions: 2 Total time for transactions(ms): 0 Number of transactions batched in Syncs: 0 Number of syncs: 2 SyncTimes(ms): 47 
2019-09-16 10:22:18,424 INFO org.apache.hadoop.hdfs.server.namenode.FSEditLog: Number of transactions: 2 Total time for transactions(ms): 0 Number of transactions batched in Syncs: 0 Number of syncs: 3 SyncTimes(ms): 135 
2019-09-16 10:22:18,424 INFO org.apache.hadoop.hdfs.server.namenode.FileJournalManager: Finalizing edits file /home/harsha/hadoopdata/hdfs/namenode/current/edits_inprogress_0000000000000001650 -> /home/harsha/hadoopdata/hdfs/namenode/current/edits_0000000000000001650-0000000000000001651
2019-09-16 10:22:18,424 INFO org.apache.hadoop.hdfs.server.namenode.FSEditLog: Starting log segment at 1652
2019-09-16 10:22:18,596 INFO org.apache.hadoop.hdfs.server.namenode.TransferFsImage: Transfer took 0.02s at 368.42 KB/s
2019-09-16 10:22:18,596 INFO org.apache.hadoop.hdfs.server.namenode.TransferFsImage: Downloaded file fsimage.ckpt_0000000000000001651 size 7396 bytes.
2019-09-16 10:22:18,628 INFO org.apache.hadoop.hdfs.server.namenode.NNStorageRetentionManager: Going to retain 2 images with txid >= 1649
2019-09-16 10:22:18,628 INFO org.apache.hadoop.hdfs.server.namenode.NNStorageRetentionManager: Purging old image FSImageFile(file=/home/harsha/hadoopdata/hdfs/namenode/current/fsimage_0000000000000001647, cpktTxId=0000000000000001647)
2019-09-16 11:22:18,849 INFO org.apache.hadoop.hdfs.server.namenode.FSNamesystem: Roll Edit Log from 127.0.0.1
2019-09-16 11:22:18,849 INFO org.apache.hadoop.hdfs.server.namenode.FSEditLog: Rolling edit logs
2019-09-16 11:22:18,849 INFO org.apache.hadoop.hdfs.server.namenode.FSEditLog: Ending log segment 1652
2019-09-16 11:22:18,849 INFO org.apache.hadoop.hdfs.server.namenode.FSEditLog: Number of transactions: 2 Total time for transactions(ms): 0 Number of transactions batched in Syncs: 0 Number of syncs: 2 SyncTimes(ms): 72 
2019-09-16 11:22:18,881 INFO org.apache.hadoop.hdfs.server.namenode.FSEditLog: Number of transactions: 2 Total time for transactions(ms): 0 Number of transactions batched in Syncs: 0 Number of syncs: 3 SyncTimes(ms): 103 
2019-09-16 11:22:18,881 INFO org.apache.hadoop.hdfs.server.namenode.FileJournalManager: Finalizing edits file /home/harsha/hadoopdata/hdfs/namenode/current/edits_inprogress_0000000000000001652 -> /home/harsha/hadoopdata/hdfs/namenode/current/edits_0000000000000001652-0000000000000001653
2019-09-16 11:22:18,881 INFO org.apache.hadoop.hdfs.server.namenode.FSEditLog: Starting log segment at 1654
2019-09-16 11:22:19,094 INFO org.apache.hadoop.hdfs.server.namenode.TransferFsImage: Transfer took 0.04s at 170.73 KB/s
2019-09-16 11:22:19,094 INFO org.apache.hadoop.hdfs.server.namenode.TransferFsImage: Downloaded file fsimage.ckpt_0000000000000001653 size 7396 bytes.
2019-09-16 11:22:19,103 INFO org.apache.hadoop.hdfs.server.namenode.NNStorageRetentionManager: Going to retain 2 images with txid >= 1651
2019-09-16 11:22:19,103 INFO org.apache.hadoop.hdfs.server.namenode.NNStorageRetentionManager: Purging old image FSImageFile(file=/home/harsha/hadoopdata/hdfs/namenode/current/fsimage_0000000000000001649, cpktTxId=0000000000000001649)
2019-09-16 12:04:03,485 INFO BlockStateChange: BLOCK* processReport: from storage DS-ee8a1665-f3a5-401b-be5a-8d2577387748 node DatanodeRegistration(127.0.0.1:50010, datanodeUuid=291afb32-487c-41bf-9ea5-a0f0788313f6, infoPort=50075, infoSecurePort=0, ipcPort=50020, storageInfo=lv=-56;cid=CID-a79898a5-d50d-4d23-85af-df6d6aae3463;nsid=54973025;c=0), blocks: 40, hasStaleStorage: false, processing time: 0 msecs
2019-09-16 12:22:19,349 INFO org.apache.hadoop.hdfs.server.namenode.FSNamesystem: Roll Edit Log from 127.0.0.1
2019-09-16 12:22:19,349 INFO org.apache.hadoop.hdfs.server.namenode.FSEditLog: Rolling edit logs
2019-09-16 12:22:19,349 INFO org.apache.hadoop.hdfs.server.namenode.FSEditLog: Ending log segment 1654
2019-09-16 12:22:19,349 INFO org.apache.hadoop.hdfs.server.namenode.FSEditLog: Number of transactions: 4 Total time for transactions(ms): 1 Number of transactions batched in Syncs: 0 Number of syncs: 2 SyncTimes(ms): 113 
2019-09-16 12:22:19,360 INFO org.apache.hadoop.hdfs.server.namenode.FSEditLog: Number of transactions: 4 Total time for transactions(ms): 1 Number of transactions batched in Syncs: 0 Number of syncs: 3 SyncTimes(ms): 124 
2019-09-16 12:22:19,360 INFO org.apache.hadoop.hdfs.server.namenode.FileJournalManager: Finalizing edits file /home/harsha/hadoopdata/hdfs/namenode/current/edits_inprogress_0000000000000001654 -> /home/harsha/hadoopdata/hdfs/namenode/current/edits_0000000000000001654-0000000000000001657
2019-09-16 12:22:19,360 INFO org.apache.hadoop.hdfs.server.namenode.FSEditLog: Starting log segment at 1658
2019-09-16 12:22:19,549 INFO org.apache.hadoop.hdfs.server.namenode.TransferFsImage: Transfer took 0.03s at 259.26 KB/s
2019-09-16 12:22:19,549 INFO org.apache.hadoop.hdfs.server.namenode.TransferFsImage: Downloaded file fsimage.ckpt_0000000000000001657 size 7396 bytes.
2019-09-16 12:22:19,588 INFO org.apache.hadoop.hdfs.server.namenode.NNStorageRetentionManager: Going to retain 2 images with txid >= 1653
2019-09-16 12:22:19,588 INFO org.apache.hadoop.hdfs.server.namenode.NNStorageRetentionManager: Purging old image FSImageFile(file=/home/harsha/hadoopdata/hdfs/namenode/current/fsimage_0000000000000001651, cpktTxId=0000000000000001651)
2019-09-16 13:22:19,823 INFO org.apache.hadoop.hdfs.server.namenode.FSNamesystem: Roll Edit Log from 127.0.0.1
2019-09-16 13:22:19,823 INFO org.apache.hadoop.hdfs.server.namenode.FSEditLog: Rolling edit logs
2019-09-16 13:22:19,823 INFO org.apache.hadoop.hdfs.server.namenode.FSEditLog: Ending log segment 1658
2019-09-16 13:22:19,823 INFO org.apache.hadoop.hdfs.server.namenode.FSEditLog: Number of transactions: 2 Total time for transactions(ms): 0 Number of transactions batched in Syncs: 0 Number of syncs: 2 SyncTimes(ms): 100 
2019-09-16 13:22:19,829 INFO org.apache.hadoop.hdfs.server.namenode.FSEditLog: Number of transactions: 2 Total time for transactions(ms): 0 Number of transactions batched in Syncs: 0 Number of syncs: 3 SyncTimes(ms): 106 
2019-09-16 13:22:19,829 INFO org.apache.hadoop.hdfs.server.namenode.FileJournalManager: Finalizing edits file /home/harsha/hadoopdata/hdfs/namenode/current/edits_inprogress_0000000000000001658 -> /home/harsha/hadoopdata/hdfs/namenode/current/edits_0000000000000001658-0000000000000001659
2019-09-16 13:22:19,830 INFO org.apache.hadoop.hdfs.server.namenode.FSEditLog: Starting log segment at 1660
2019-09-16 13:22:19,968 INFO org.apache.hadoop.hdfs.server.namenode.TransferFsImage: Transfer took 0.02s at 411.76 KB/s
2019-09-16 13:22:19,968 INFO org.apache.hadoop.hdfs.server.namenode.TransferFsImage: Downloaded file fsimage.ckpt_0000000000000001659 size 7396 bytes.
2019-09-16 13:22:19,998 INFO org.apache.hadoop.hdfs.server.namenode.NNStorageRetentionManager: Going to retain 2 images with txid >= 1657
2019-09-16 13:22:19,998 INFO org.apache.hadoop.hdfs.server.namenode.NNStorageRetentionManager: Purging old image FSImageFile(file=/home/harsha/hadoopdata/hdfs/namenode/current/fsimage_0000000000000001653, cpktTxId=0000000000000001653)
2019-09-16 14:22:20,219 INFO org.apache.hadoop.hdfs.server.namenode.FSNamesystem: Roll Edit Log from 127.0.0.1
2019-09-16 14:22:20,219 INFO org.apache.hadoop.hdfs.server.namenode.FSEditLog: Rolling edit logs
2019-09-16 14:22:20,219 INFO org.apache.hadoop.hdfs.server.namenode.FSEditLog: Ending log segment 1660
2019-09-16 14:22:20,219 INFO org.apache.hadoop.hdfs.server.namenode.FSEditLog: Number of transactions: 2 Total time for transactions(ms): 0 Number of transactions batched in Syncs: 0 Number of syncs: 2 SyncTimes(ms): 46 
2019-09-16 14:22:20,810 INFO org.apache.hadoop.hdfs.server.namenode.FSEditLog: Number of transactions: 2 Total time for transactions(ms): 0 Number of transactions batched in Syncs: 0 Number of syncs: 3 SyncTimes(ms): 638 
2019-09-16 14:22:20,811 INFO org.apache.hadoop.hdfs.server.namenode.FileJournalManager: Finalizing edits file /home/harsha/hadoopdata/hdfs/namenode/current/edits_inprogress_0000000000000001660 -> /home/harsha/hadoopdata/hdfs/namenode/current/edits_0000000000000001660-0000000000000001661
2019-09-16 14:22:20,811 INFO org.apache.hadoop.hdfs.server.namenode.FSEditLog: Starting log segment at 1662
2019-09-16 14:22:21,018 INFO org.apache.hadoop.hdfs.server.namenode.TransferFsImage: Transfer took 0.04s at 179.49 KB/s
2019-09-16 14:22:21,018 INFO org.apache.hadoop.hdfs.server.namenode.TransferFsImage: Downloaded file fsimage.ckpt_0000000000000001661 size 7396 bytes.
2019-09-16 14:22:21,051 INFO org.apache.hadoop.hdfs.server.namenode.NNStorageRetentionManager: Going to retain 2 images with txid >= 1659
2019-09-16 14:22:21,051 INFO org.apache.hadoop.hdfs.server.namenode.NNStorageRetentionManager: Purging old image FSImageFile(file=/home/harsha/hadoopdata/hdfs/namenode/current/fsimage_0000000000000001657, cpktTxId=0000000000000001657)
2019-09-16 15:22:21,262 INFO org.apache.hadoop.hdfs.server.namenode.FSNamesystem: Roll Edit Log from 127.0.0.1
2019-09-16 15:22:21,263 INFO org.apache.hadoop.hdfs.server.namenode.FSEditLog: Rolling edit logs
2019-09-16 15:22:21,263 INFO org.apache.hadoop.hdfs.server.namenode.FSEditLog: Ending log segment 1662
2019-09-16 15:22:21,263 INFO org.apache.hadoop.hdfs.server.namenode.FSEditLog: Number of transactions: 2 Total time for transactions(ms): 0 Number of transactions batched in Syncs: 0 Number of syncs: 2 SyncTimes(ms): 105 
2019-09-16 15:22:21,274 INFO org.apache.hadoop.hdfs.server.namenode.FSEditLog: Number of transactions: 2 Total time for transactions(ms): 0 Number of transactions batched in Syncs: 0 Number of syncs: 3 SyncTimes(ms): 117 
2019-09-16 15:22:21,275 INFO org.apache.hadoop.hdfs.server.namenode.FileJournalManager: Finalizing edits file /home/harsha/hadoopdata/hdfs/namenode/current/edits_inprogress_0000000000000001662 -> /home/harsha/hadoopdata/hdfs/namenode/current/edits_0000000000000001662-0000000000000001663
2019-09-16 15:22:21,275 INFO org.apache.hadoop.hdfs.server.namenode.FSEditLog: Starting log segment at 1664
2019-09-16 15:22:21,463 INFO org.apache.hadoop.hdfs.server.namenode.TransferFsImage: Transfer took 0.05s at 155.56 KB/s
2019-09-16 15:22:21,463 INFO org.apache.hadoop.hdfs.server.namenode.TransferFsImage: Downloaded file fsimage.ckpt_0000000000000001663 size 7396 bytes.
2019-09-16 15:22:21,472 INFO org.apache.hadoop.hdfs.server.namenode.NNStorageRetentionManager: Going to retain 2 images with txid >= 1661
2019-09-16 15:22:21,472 INFO org.apache.hadoop.hdfs.server.namenode.NNStorageRetentionManager: Purging old image FSImageFile(file=/home/harsha/hadoopdata/hdfs/namenode/current/fsimage_0000000000000001659, cpktTxId=0000000000000001659)
2019-09-16 16:22:21,707 INFO org.apache.hadoop.hdfs.server.namenode.FSNamesystem: Roll Edit Log from 127.0.0.1
2019-09-16 16:22:21,707 INFO org.apache.hadoop.hdfs.server.namenode.FSEditLog: Rolling edit logs
2019-09-16 16:22:21,707 INFO org.apache.hadoop.hdfs.server.namenode.FSEditLog: Ending log segment 1664
2019-09-16 16:22:21,707 INFO org.apache.hadoop.hdfs.server.namenode.FSEditLog: Number of transactions: 2 Total time for transactions(ms): 0 Number of transactions batched in Syncs: 0 Number of syncs: 2 SyncTimes(ms): 56 
2019-09-16 16:22:22,116 INFO org.apache.hadoop.hdfs.server.namenode.FSEditLog: Number of transactions: 2 Total time for transactions(ms): 0 Number of transactions batched in Syncs: 0 Number of syncs: 3 SyncTimes(ms): 464 
2019-09-16 16:22:22,117 INFO org.apache.hadoop.hdfs.server.namenode.FileJournalManager: Finalizing edits file /home/harsha/hadoopdata/hdfs/namenode/current/edits_inprogress_0000000000000001664 -> /home/harsha/hadoopdata/hdfs/namenode/current/edits_0000000000000001664-0000000000000001665
2019-09-16 16:22:22,117 INFO org.apache.hadoop.hdfs.server.namenode.FSEditLog: Starting log segment at 1666
2019-09-16 16:22:22,288 INFO org.apache.hadoop.hdfs.server.namenode.TransferFsImage: Transfer took 0.02s at 388.89 KB/s
2019-09-16 16:22:22,288 INFO org.apache.hadoop.hdfs.server.namenode.TransferFsImage: Downloaded file fsimage.ckpt_0000000000000001665 size 7396 bytes.
2019-09-16 16:22:22,318 INFO org.apache.hadoop.hdfs.server.namenode.NNStorageRetentionManager: Going to retain 2 images with txid >= 1663
2019-09-16 16:22:22,318 INFO org.apache.hadoop.hdfs.server.namenode.NNStorageRetentionManager: Purging old image FSImageFile(file=/home/harsha/hadoopdata/hdfs/namenode/current/fsimage_0000000000000001661, cpktTxId=0000000000000001661)
2019-09-16 17:22:30,988 INFO org.apache.hadoop.hdfs.server.namenode.FSNamesystem: Roll Edit Log from 127.0.0.1
2019-09-16 17:22:30,988 INFO org.apache.hadoop.hdfs.server.namenode.FSEditLog: Rolling edit logs
2019-09-16 17:22:30,988 INFO org.apache.hadoop.hdfs.server.namenode.FSEditLog: Ending log segment 1666
2019-09-16 17:22:30,988 INFO org.apache.hadoop.hdfs.server.namenode.FSEditLog: Number of transactions: 2 Total time for transactions(ms): 0 Number of transactions batched in Syncs: 0 Number of syncs: 2 SyncTimes(ms): 59 
2019-09-16 17:22:31,374 INFO org.apache.hadoop.hdfs.server.namenode.FSEditLog: Number of transactions: 2 Total time for transactions(ms): 0 Number of transactions batched in Syncs: 0 Number of syncs: 3 SyncTimes(ms): 444 
2019-09-16 17:22:31,375 INFO org.apache.hadoop.hdfs.server.namenode.FileJournalManager: Finalizing edits file /home/harsha/hadoopdata/hdfs/namenode/current/edits_inprogress_0000000000000001666 -> /home/harsha/hadoopdata/hdfs/namenode/current/edits_0000000000000001666-0000000000000001667
2019-09-16 17:22:31,375 INFO org.apache.hadoop.hdfs.server.namenode.FSEditLog: Starting log segment at 1668
2019-09-16 17:22:31,576 INFO org.apache.hadoop.hdfs.server.namenode.TransferFsImage: Transfer took 0.04s at 159.09 KB/s
2019-09-16 17:22:31,576 INFO org.apache.hadoop.hdfs.server.namenode.TransferFsImage: Downloaded file fsimage.ckpt_0000000000000001667 size 7396 bytes.
2019-09-16 17:22:31,586 INFO org.apache.hadoop.hdfs.server.namenode.NNStorageRetentionManager: Going to retain 2 images with txid >= 1665
2019-09-16 17:22:31,586 INFO org.apache.hadoop.hdfs.server.namenode.NNStorageRetentionManager: Purging old image FSImageFile(file=/home/harsha/hadoopdata/hdfs/namenode/current/fsimage_0000000000000001663, cpktTxId=0000000000000001663)
2019-09-16 17:35:21,869 INFO org.apache.hadoop.hdfs.server.namenode.FSEditLog: Number of transactions: 2 Total time for transactions(ms): 1 Number of transactions batched in Syncs: 0 Number of syncs: 2 SyncTimes(ms): 64 
2019-09-16 17:36:29,581 INFO org.apache.hadoop.hdfs.server.namenode.FSEditLog: Number of transactions: 3 Total time for transactions(ms): 1 Number of transactions batched in Syncs: 0 Number of syncs: 3 SyncTimes(ms): 69 
2019-09-16 17:36:29,623 INFO org.apache.hadoop.hdfs.StateChange: BLOCK* allocate blk_1073741973_1149{UCState=UNDER_CONSTRUCTION, truncateBlock=null, primaryNodeIndex=-1, replicas=[ReplicaUC[[DISK]DS-ee8a1665-f3a5-401b-be5a-8d2577387748:NORMAL:127.0.0.1:50010|RBW]]} for /jstest/harsha/harsha_hashtags.txt._COPYING_
2019-09-16 17:36:29,898 INFO BlockStateChange: BLOCK* addStoredBlock: blockMap updated: 127.0.0.1:50010 is added to blk_1073741973_1149{UCState=UNDER_CONSTRUCTION, truncateBlock=null, primaryNodeIndex=-1, replicas=[ReplicaUC[[DISK]DS-ee8a1665-f3a5-401b-be5a-8d2577387748:NORMAL:127.0.0.1:50010|RBW]]} size 0
2019-09-16 17:36:29,907 INFO org.apache.hadoop.hdfs.StateChange: DIR* completeFile: /jstest/harsha/harsha_hashtags.txt._COPYING_ is closed by DFSClient_NONMAPREDUCE_1478307748_1
2019-09-16 17:36:41,051 INFO org.apache.hadoop.hdfs.StateChange: BLOCK* allocate blk_1073741974_1150{UCState=UNDER_CONSTRUCTION, truncateBlock=null, primaryNodeIndex=-1, replicas=[ReplicaUC[[DISK]DS-ee8a1665-f3a5-401b-be5a-8d2577387748:NORMAL:127.0.0.1:50010|RBW]]} for /jstest/harsha/harsha_urls.txt._COPYING_
2019-09-16 17:36:41,283 INFO BlockStateChange: BLOCK* addStoredBlock: blockMap updated: 127.0.0.1:50010 is added to blk_1073741974_1150{UCState=UNDER_CONSTRUCTION, truncateBlock=null, primaryNodeIndex=-1, replicas=[ReplicaUC[[DISK]DS-ee8a1665-f3a5-401b-be5a-8d2577387748:NORMAL:127.0.0.1:50010|RBW]]} size 0
2019-09-16 17:36:41,289 INFO org.apache.hadoop.hdfs.StateChange: DIR* completeFile: /jstest/harsha/harsha_urls.txt._COPYING_ is closed by DFSClient_NONMAPREDUCE_-969650238_1
2019-09-16 17:41:47,727 INFO org.apache.hadoop.hdfs.server.namenode.FSEditLog: Number of transactions: 15 Total time for transactions(ms): 2 Number of transactions batched in Syncs: 0 Number of syncs: 11 SyncTimes(ms): 366 
2019-09-16 17:41:47,846 INFO org.apache.hadoop.hdfs.StateChange: BLOCK* allocate blk_1073741975_1151{UCState=UNDER_CONSTRUCTION, truncateBlock=null, primaryNodeIndex=-1, replicas=[ReplicaUC[[DISK]DS-ee8a1665-f3a5-401b-be5a-8d2577387748:NORMAL:127.0.0.1:50010|RBW]]} for /tmp/hadoop-yarn/staging/harsha/.staging/job_1568146808723_0010/job.jar
2019-09-16 17:41:48,040 INFO BlockStateChange: BLOCK* addStoredBlock: blockMap updated: 127.0.0.1:50010 is added to blk_1073741975_1151{UCState=UNDER_CONSTRUCTION, truncateBlock=null, primaryNodeIndex=-1, replicas=[ReplicaUC[[DISK]DS-ee8a1665-f3a5-401b-be5a-8d2577387748:NORMAL:127.0.0.1:50010|RBW]]} size 0
2019-09-16 17:41:48,047 INFO org.apache.hadoop.hdfs.StateChange: DIR* completeFile: /tmp/hadoop-yarn/staging/harsha/.staging/job_1568146808723_0010/job.jar is closed by DFSClient_NONMAPREDUCE_656410503_1
2019-09-16 17:41:48,052 INFO org.apache.hadoop.hdfs.server.blockmanagement.BlockManager: Increasing replication from 1 to 10 for /tmp/hadoop-yarn/staging/harsha/.staging/job_1568146808723_0010/job.jar
2019-09-16 17:41:48,115 INFO org.apache.hadoop.hdfs.server.blockmanagement.BlockManager: Increasing replication from 1 to 10 for /tmp/hadoop-yarn/staging/harsha/.staging/job_1568146808723_0010/job.split
2019-09-16 17:41:48,130 INFO org.apache.hadoop.hdfs.StateChange: BLOCK* allocate blk_1073741976_1152{UCState=UNDER_CONSTRUCTION, truncateBlock=null, primaryNodeIndex=-1, replicas=[ReplicaUC[[DISK]DS-ee8a1665-f3a5-401b-be5a-8d2577387748:NORMAL:127.0.0.1:50010|RBW]]} for /tmp/hadoop-yarn/staging/harsha/.staging/job_1568146808723_0010/job.split
2019-09-16 17:41:48,142 INFO BlockStateChange: BLOCK* addStoredBlock: blockMap updated: 127.0.0.1:50010 is added to blk_1073741976_1152{UCState=UNDER_CONSTRUCTION, truncateBlock=null, primaryNodeIndex=-1, replicas=[ReplicaUC[[DISK]DS-ee8a1665-f3a5-401b-be5a-8d2577387748:NORMAL:127.0.0.1:50010|RBW]]} size 0
2019-09-16 17:41:48,147 INFO org.apache.hadoop.hdfs.StateChange: DIR* completeFile: /tmp/hadoop-yarn/staging/harsha/.staging/job_1568146808723_0010/job.split is closed by DFSClient_NONMAPREDUCE_656410503_1
2019-09-16 17:41:48,161 INFO org.apache.hadoop.hdfs.StateChange: BLOCK* allocate blk_1073741977_1153{UCState=UNDER_CONSTRUCTION, truncateBlock=null, primaryNodeIndex=-1, replicas=[ReplicaUC[[DISK]DS-ee8a1665-f3a5-401b-be5a-8d2577387748:NORMAL:127.0.0.1:50010|RBW]]} for /tmp/hadoop-yarn/staging/harsha/.staging/job_1568146808723_0010/job.splitmetainfo
2019-09-16 17:41:48,170 INFO BlockStateChange: BLOCK* addStoredBlock: blockMap updated: 127.0.0.1:50010 is added to blk_1073741977_1153{UCState=UNDER_CONSTRUCTION, truncateBlock=null, primaryNodeIndex=-1, replicas=[ReplicaUC[[DISK]DS-ee8a1665-f3a5-401b-be5a-8d2577387748:NORMAL:127.0.0.1:50010|RBW]]} size 0
2019-09-16 17:41:48,179 INFO org.apache.hadoop.hdfs.StateChange: DIR* completeFile: /tmp/hadoop-yarn/staging/harsha/.staging/job_1568146808723_0010/job.splitmetainfo is closed by DFSClient_NONMAPREDUCE_656410503_1
2019-09-16 17:41:48,332 INFO org.apache.hadoop.hdfs.StateChange: BLOCK* allocate blk_1073741978_1154{UCState=UNDER_CONSTRUCTION, truncateBlock=null, primaryNodeIndex=-1, replicas=[ReplicaUC[[DISK]DS-ee8a1665-f3a5-401b-be5a-8d2577387748:NORMAL:127.0.0.1:50010|RBW]]} for /tmp/hadoop-yarn/staging/harsha/.staging/job_1568146808723_0010/job.xml
2019-09-16 17:41:48,353 INFO BlockStateChange: BLOCK* addStoredBlock: blockMap updated: 127.0.0.1:50010 is added to blk_1073741978_1154{UCState=UNDER_CONSTRUCTION, truncateBlock=null, primaryNodeIndex=-1, replicas=[ReplicaUC[[DISK]DS-ee8a1665-f3a5-401b-be5a-8d2577387748:NORMAL:127.0.0.1:50010|RBW]]} size 0
2019-09-16 17:41:48,359 INFO org.apache.hadoop.hdfs.StateChange: DIR* completeFile: /tmp/hadoop-yarn/staging/harsha/.staging/job_1568146808723_0010/job.xml is closed by DFSClient_NONMAPREDUCE_656410503_1
2019-09-16 17:41:55,641 INFO org.apache.hadoop.hdfs.StateChange: BLOCK* allocate blk_1073741979_1155{UCState=UNDER_CONSTRUCTION, truncateBlock=null, primaryNodeIndex=-1, replicas=[ReplicaUC[[DISK]DS-ee8a1665-f3a5-401b-be5a-8d2577387748:NORMAL:127.0.0.1:50010|RBW]]} for /tmp/hadoop-yarn/staging/harsha/.staging/job_1568146808723_0010/job_1568146808723_0010_1_conf.xml
2019-09-16 17:41:55,811 INFO BlockStateChange: BLOCK* addStoredBlock: blockMap updated: 127.0.0.1:50010 is added to blk_1073741979_1155{UCState=UNDER_CONSTRUCTION, truncateBlock=null, primaryNodeIndex=-1, replicas=[ReplicaUC[[DISK]DS-ee8a1665-f3a5-401b-be5a-8d2577387748:NORMAL:127.0.0.1:50010|RBW]]} size 0
2019-09-16 17:41:55,826 INFO org.apache.hadoop.hdfs.StateChange: DIR* completeFile: /tmp/hadoop-yarn/staging/harsha/.staging/job_1568146808723_0010/job_1568146808723_0010_1_conf.xml is closed by DFSClient_NONMAPREDUCE_124553119_1
2019-09-16 17:42:01,103 INFO org.apache.hadoop.hdfs.StateChange: BLOCK* allocate blk_1073741980_1156{UCState=UNDER_CONSTRUCTION, truncateBlock=null, primaryNodeIndex=-1, replicas=[ReplicaUC[[DISK]DS-ee8a1665-f3a5-401b-be5a-8d2577387748:NORMAL:127.0.0.1:50010|RBW]]} for /tmp/hadoop-yarn/staging/harsha/.staging/job_1568146808723_0010/job_1568146808723_0010_1.jhist
2019-09-16 17:42:01,155 INFO org.apache.hadoop.hdfs.StateChange: BLOCK* fsync: /tmp/hadoop-yarn/staging/harsha/.staging/job_1568146808723_0010/job_1568146808723_0010_1.jhist for DFSClient_NONMAPREDUCE_124553119_1
2019-09-16 17:42:06,888 INFO org.apache.hadoop.hdfs.StateChange: BLOCK* allocate blk_1073741981_1157{UCState=UNDER_CONSTRUCTION, truncateBlock=null, primaryNodeIndex=-1, replicas=[ReplicaUC[[DISK]DS-ee8a1665-f3a5-401b-be5a-8d2577387748:NORMAL:127.0.0.1:50010|RBW]]} for /jstest/harsha/hashtags/_temporary/1/_temporary/attempt_1568146808723_0010_r_000000_0/part-r-00000
2019-09-16 17:42:07,080 INFO BlockStateChange: BLOCK* addStoredBlock: blockMap updated: 127.0.0.1:50010 is added to blk_1073741981_1157{UCState=UNDER_CONSTRUCTION, truncateBlock=null, primaryNodeIndex=-1, replicas=[ReplicaUC[[DISK]DS-ee8a1665-f3a5-401b-be5a-8d2577387748:NORMAL:127.0.0.1:50010|RBW]]} size 0
2019-09-16 17:42:07,089 INFO org.apache.hadoop.hdfs.StateChange: DIR* completeFile: /jstest/harsha/hashtags/_temporary/1/_temporary/attempt_1568146808723_0010_r_000000_0/part-r-00000 is closed by DFSClient_attempt_1568146808723_0010_r_000000_0_-1840209858_1
2019-09-16 17:42:07,282 INFO org.apache.hadoop.hdfs.StateChange: DIR* completeFile: /tmp/hadoop-yarn/staging/harsha/.staging/job_1568146808723_0010/COMMIT_STARTED is closed by DFSClient_NONMAPREDUCE_124553119_1
2019-09-16 17:42:07,344 INFO org.apache.hadoop.hdfs.StateChange: DIR* completeFile: /jstest/harsha/hashtags/_SUCCESS is closed by DFSClient_NONMAPREDUCE_124553119_1
2019-09-16 17:42:07,355 INFO org.apache.hadoop.hdfs.StateChange: DIR* completeFile: /tmp/hadoop-yarn/staging/harsha/.staging/job_1568146808723_0010/COMMIT_SUCCESS is closed by DFSClient_NONMAPREDUCE_124553119_1
2019-09-16 17:42:07,394 INFO BlockStateChange: BLOCK* addStoredBlock: blockMap updated: 127.0.0.1:50010 is added to blk_1073741980_1156{UCState=UNDER_CONSTRUCTION, truncateBlock=null, primaryNodeIndex=-1, replicas=[ReplicaUC[[DISK]DS-ee8a1665-f3a5-401b-be5a-8d2577387748:NORMAL:127.0.0.1:50010|RBW]]} size 13105
2019-09-16 17:42:07,399 INFO org.apache.hadoop.hdfs.StateChange: DIR* completeFile: /tmp/hadoop-yarn/staging/harsha/.staging/job_1568146808723_0010/job_1568146808723_0010_1.jhist is closed by DFSClient_NONMAPREDUCE_124553119_1
2019-09-16 17:42:07,411 INFO org.apache.hadoop.hdfs.StateChange: BLOCK* allocate blk_1073741982_1158{UCState=UNDER_CONSTRUCTION, truncateBlock=null, primaryNodeIndex=-1, replicas=[ReplicaUC[[DISK]DS-ee8a1665-f3a5-401b-be5a-8d2577387748:NORMAL:127.0.0.1:50010|RBW]]} for /tmp/hadoop-yarn/staging/history/done_intermediate/harsha/job_1568146808723_0010.summary_tmp
2019-09-16 17:42:07,427 INFO org.apache.hadoop.hdfs.server.namenode.FSNamesystem: BLOCK* blk_1073741982_1158{UCState=COMMITTED, truncateBlock=null, primaryNodeIndex=-1, replicas=[ReplicaUC[[DISK]DS-ee8a1665-f3a5-401b-be5a-8d2577387748:NORMAL:127.0.0.1:50010|RBW]]} is not COMPLETE (ucState = COMMITTED, replication# = 0 <  minimum = 1) in file /tmp/hadoop-yarn/staging/history/done_intermediate/harsha/job_1568146808723_0010.summary_tmp
2019-09-16 17:42:07,427 INFO BlockStateChange: BLOCK* addStoredBlock: blockMap updated: 127.0.0.1:50010 is added to blk_1073741982_1158{UCState=COMMITTED, truncateBlock=null, primaryNodeIndex=-1, replicas=[ReplicaUC[[DISK]DS-ee8a1665-f3a5-401b-be5a-8d2577387748:NORMAL:127.0.0.1:50010|RBW]]} size 352
2019-09-16 17:42:07,834 INFO org.apache.hadoop.hdfs.StateChange: DIR* completeFile: /tmp/hadoop-yarn/staging/history/done_intermediate/harsha/job_1568146808723_0010.summary_tmp is closed by DFSClient_NONMAPREDUCE_124553119_1
2019-09-16 17:42:07,866 INFO org.apache.hadoop.hdfs.StateChange: BLOCK* allocate blk_1073741983_1159{UCState=UNDER_CONSTRUCTION, truncateBlock=null, primaryNodeIndex=-1, replicas=[ReplicaUC[[DISK]DS-ee8a1665-f3a5-401b-be5a-8d2577387748:NORMAL:127.0.0.1:50010|RBW]]} for /tmp/hadoop-yarn/staging/history/done_intermediate/harsha/job_1568146808723_0010-1568655708563-harsha-word+count-1568655727356-1-1-SUCCEEDED-default-1568655715162.jhist_tmp
2019-09-16 17:42:07,875 INFO BlockStateChange: BLOCK* addStoredBlock: blockMap updated: 127.0.0.1:50010 is added to blk_1073741983_1159{UCState=UNDER_CONSTRUCTION, truncateBlock=null, primaryNodeIndex=-1, replicas=[ReplicaUC[[DISK]DS-ee8a1665-f3a5-401b-be5a-8d2577387748:NORMAL:127.0.0.1:50010|RBW]]} size 0
2019-09-16 17:42:07,879 INFO org.apache.hadoop.hdfs.StateChange: DIR* completeFile: /tmp/hadoop-yarn/staging/history/done_intermediate/harsha/job_1568146808723_0010-1568655708563-harsha-word+count-1568655727356-1-1-SUCCEEDED-default-1568655715162.jhist_tmp is closed by DFSClient_NONMAPREDUCE_124553119_1
2019-09-16 17:42:07,899 INFO org.apache.hadoop.hdfs.StateChange: BLOCK* allocate blk_1073741984_1160{UCState=UNDER_CONSTRUCTION, truncateBlock=null, primaryNodeIndex=-1, replicas=[ReplicaUC[[DISK]DS-ee8a1665-f3a5-401b-be5a-8d2577387748:NORMAL:127.0.0.1:50010|RBW]]} for /tmp/hadoop-yarn/staging/history/done_intermediate/harsha/job_1568146808723_0010_conf.xml_tmp
2019-09-16 17:42:07,916 INFO BlockStateChange: BLOCK* addStoredBlock: blockMap updated: 127.0.0.1:50010 is added to blk_1073741984_1160{UCState=UNDER_CONSTRUCTION, truncateBlock=null, primaryNodeIndex=-1, replicas=[ReplicaUC[[DISK]DS-ee8a1665-f3a5-401b-be5a-8d2577387748:NORMAL:127.0.0.1:50010|RBW]]} size 0
2019-09-16 17:42:07,921 INFO org.apache.hadoop.hdfs.StateChange: DIR* completeFile: /tmp/hadoop-yarn/staging/history/done_intermediate/harsha/job_1568146808723_0010_conf.xml_tmp is closed by DFSClient_NONMAPREDUCE_124553119_1
2019-09-16 17:42:08,972 INFO BlockStateChange: BLOCK* addToInvalidates: blk_1073741975_1151 127.0.0.1:50010 
2019-09-16 17:42:08,972 INFO BlockStateChange: BLOCK* addToInvalidates: blk_1073741976_1152 127.0.0.1:50010 
2019-09-16 17:42:08,972 INFO BlockStateChange: BLOCK* addToInvalidates: blk_1073741977_1153 127.0.0.1:50010 
2019-09-16 17:42:08,972 INFO BlockStateChange: BLOCK* addToInvalidates: blk_1073741978_1154 127.0.0.1:50010 
2019-09-16 17:42:08,972 INFO BlockStateChange: BLOCK* addToInvalidates: blk_1073741980_1156 127.0.0.1:50010 
2019-09-16 17:42:08,972 INFO BlockStateChange: BLOCK* addToInvalidates: blk_1073741979_1155 127.0.0.1:50010 
2019-09-16 17:42:11,457 INFO BlockStateChange: BLOCK* BlockManager: ask 127.0.0.1:50010 to delete [blk_1073741975_1151, blk_1073741976_1152, blk_1073741977_1153, blk_1073741978_1154, blk_1073741979_1155, blk_1073741980_1156]
2019-09-16 17:42:42,618 INFO org.apache.hadoop.hdfs.StateChange: BLOCK* allocate blk_1073741985_1161{UCState=UNDER_CONSTRUCTION, truncateBlock=null, primaryNodeIndex=-1, replicas=[ReplicaUC[[DISK]DS-ee8a1665-f3a5-401b-be5a-8d2577387748:NORMAL:127.0.0.1:50010|RBW]]} for /tmp/hadoop-yarn/staging/harsha/.staging/job_1568146808723_0011/job.jar
2019-09-16 17:42:42,773 INFO BlockStateChange: BLOCK* addStoredBlock: blockMap updated: 127.0.0.1:50010 is added to blk_1073741985_1161{UCState=UNDER_CONSTRUCTION, truncateBlock=null, primaryNodeIndex=-1, replicas=[ReplicaUC[[DISK]DS-ee8a1665-f3a5-401b-be5a-8d2577387748:NORMAL:127.0.0.1:50010|RBW]]} size 0
2019-09-16 17:42:42,780 INFO org.apache.hadoop.hdfs.StateChange: DIR* completeFile: /tmp/hadoop-yarn/staging/harsha/.staging/job_1568146808723_0011/job.jar is closed by DFSClient_NONMAPREDUCE_-825785390_1
2019-09-16 17:42:42,789 INFO org.apache.hadoop.hdfs.server.blockmanagement.BlockManager: Increasing replication from 1 to 10 for /tmp/hadoop-yarn/staging/harsha/.staging/job_1568146808723_0011/job.jar
2019-09-16 17:42:42,872 INFO org.apache.hadoop.hdfs.server.blockmanagement.BlockManager: Increasing replication from 1 to 10 for /tmp/hadoop-yarn/staging/harsha/.staging/job_1568146808723_0011/job.split
2019-09-16 17:42:42,885 INFO org.apache.hadoop.hdfs.StateChange: BLOCK* allocate blk_1073741986_1162{UCState=UNDER_CONSTRUCTION, truncateBlock=null, primaryNodeIndex=-1, replicas=[ReplicaUC[[DISK]DS-ee8a1665-f3a5-401b-be5a-8d2577387748:NORMAL:127.0.0.1:50010|RBW]]} for /tmp/hadoop-yarn/staging/harsha/.staging/job_1568146808723_0011/job.split
2019-09-16 17:42:42,894 INFO BlockStateChange: BLOCK* addStoredBlock: blockMap updated: 127.0.0.1:50010 is added to blk_1073741986_1162{UCState=UNDER_CONSTRUCTION, truncateBlock=null, primaryNodeIndex=-1, replicas=[ReplicaUC[[DISK]DS-ee8a1665-f3a5-401b-be5a-8d2577387748:NORMAL:127.0.0.1:50010|RBW]]} size 0
2019-09-16 17:42:42,901 INFO org.apache.hadoop.hdfs.StateChange: DIR* completeFile: /tmp/hadoop-yarn/staging/harsha/.staging/job_1568146808723_0011/job.split is closed by DFSClient_NONMAPREDUCE_-825785390_1
2019-09-16 17:42:43,091 INFO org.apache.hadoop.hdfs.StateChange: BLOCK* allocate blk_1073741987_1163{UCState=UNDER_CONSTRUCTION, truncateBlock=null, primaryNodeIndex=-1, replicas=[ReplicaUC[[DISK]DS-ee8a1665-f3a5-401b-be5a-8d2577387748:NORMAL:127.0.0.1:50010|RBW]]} for /tmp/hadoop-yarn/staging/harsha/.staging/job_1568146808723_0011/job.splitmetainfo
2019-09-16 17:42:43,102 INFO BlockStateChange: BLOCK* addStoredBlock: blockMap updated: 127.0.0.1:50010 is added to blk_1073741987_1163{UCState=UNDER_CONSTRUCTION, truncateBlock=null, primaryNodeIndex=-1, replicas=[ReplicaUC[[DISK]DS-ee8a1665-f3a5-401b-be5a-8d2577387748:NORMAL:127.0.0.1:50010|RBW]]} size 0
2019-09-16 17:42:43,107 INFO org.apache.hadoop.hdfs.StateChange: DIR* completeFile: /tmp/hadoop-yarn/staging/harsha/.staging/job_1568146808723_0011/job.splitmetainfo is closed by DFSClient_NONMAPREDUCE_-825785390_1
2019-09-16 17:42:43,248 INFO org.apache.hadoop.hdfs.StateChange: BLOCK* allocate blk_1073741988_1164{UCState=UNDER_CONSTRUCTION, truncateBlock=null, primaryNodeIndex=-1, replicas=[ReplicaUC[[DISK]DS-ee8a1665-f3a5-401b-be5a-8d2577387748:NORMAL:127.0.0.1:50010|RBW]]} for /tmp/hadoop-yarn/staging/harsha/.staging/job_1568146808723_0011/job.xml
2019-09-16 17:42:43,277 INFO BlockStateChange: BLOCK* addStoredBlock: blockMap updated: 127.0.0.1:50010 is added to blk_1073741988_1164{UCState=UNDER_CONSTRUCTION, truncateBlock=null, primaryNodeIndex=-1, replicas=[ReplicaUC[[DISK]DS-ee8a1665-f3a5-401b-be5a-8d2577387748:NORMAL:127.0.0.1:50010|RBW]]} size 0
2019-09-16 17:42:43,291 INFO org.apache.hadoop.hdfs.StateChange: DIR* completeFile: /tmp/hadoop-yarn/staging/harsha/.staging/job_1568146808723_0011/job.xml is closed by DFSClient_NONMAPREDUCE_-825785390_1
2019-09-16 17:42:50,528 INFO org.apache.hadoop.hdfs.server.namenode.FSEditLog: Number of transactions: 123 Total time for transactions(ms): 7 Number of transactions batched in Syncs: 1 Number of syncs: 87 SyncTimes(ms): 1177 
2019-09-16 17:42:50,810 INFO org.apache.hadoop.hdfs.StateChange: BLOCK* allocate blk_1073741989_1165{UCState=UNDER_CONSTRUCTION, truncateBlock=null, primaryNodeIndex=-1, replicas=[ReplicaUC[[DISK]DS-ee8a1665-f3a5-401b-be5a-8d2577387748:NORMAL:127.0.0.1:50010|RBW]]} for /tmp/hadoop-yarn/staging/harsha/.staging/job_1568146808723_0011/job_1568146808723_0011_1_conf.xml
2019-09-16 17:42:50,939 INFO BlockStateChange: BLOCK* addStoredBlock: blockMap updated: 127.0.0.1:50010 is added to blk_1073741989_1165{UCState=UNDER_CONSTRUCTION, truncateBlock=null, primaryNodeIndex=-1, replicas=[ReplicaUC[[DISK]DS-ee8a1665-f3a5-401b-be5a-8d2577387748:NORMAL:127.0.0.1:50010|RBW]]} size 0
2019-09-16 17:42:50,947 INFO org.apache.hadoop.hdfs.StateChange: DIR* completeFile: /tmp/hadoop-yarn/staging/harsha/.staging/job_1568146808723_0011/job_1568146808723_0011_1_conf.xml is closed by DFSClient_NONMAPREDUCE_-759859725_1
2019-09-16 17:42:56,374 INFO org.apache.hadoop.hdfs.StateChange: BLOCK* allocate blk_1073741990_1166{UCState=UNDER_CONSTRUCTION, truncateBlock=null, primaryNodeIndex=-1, replicas=[ReplicaUC[[DISK]DS-ee8a1665-f3a5-401b-be5a-8d2577387748:NORMAL:127.0.0.1:50010|RBW]]} for /tmp/hadoop-yarn/staging/harsha/.staging/job_1568146808723_0011/job_1568146808723_0011_1.jhist
2019-09-16 17:42:56,590 INFO org.apache.hadoop.hdfs.StateChange: BLOCK* fsync: /tmp/hadoop-yarn/staging/harsha/.staging/job_1568146808723_0011/job_1568146808723_0011_1.jhist for DFSClient_NONMAPREDUCE_-759859725_1
2019-09-16 17:43:02,269 INFO org.apache.hadoop.hdfs.StateChange: BLOCK* allocate blk_1073741991_1167{UCState=UNDER_CONSTRUCTION, truncateBlock=null, primaryNodeIndex=-1, replicas=[ReplicaUC[[DISK]DS-ee8a1665-f3a5-401b-be5a-8d2577387748:NORMAL:127.0.0.1:50010|RBW]]} for /jstest/harsha/urls/_temporary/1/_temporary/attempt_1568146808723_0011_r_000000_0/part-r-00000
2019-09-16 17:43:02,453 INFO BlockStateChange: BLOCK* addStoredBlock: blockMap updated: 127.0.0.1:50010 is added to blk_1073741991_1167{UCState=UNDER_CONSTRUCTION, truncateBlock=null, primaryNodeIndex=-1, replicas=[ReplicaUC[[DISK]DS-ee8a1665-f3a5-401b-be5a-8d2577387748:NORMAL:127.0.0.1:50010|RBW]]} size 0
2019-09-16 17:43:02,460 INFO org.apache.hadoop.hdfs.StateChange: DIR* completeFile: /jstest/harsha/urls/_temporary/1/_temporary/attempt_1568146808723_0011_r_000000_0/part-r-00000 is closed by DFSClient_attempt_1568146808723_0011_r_000000_0_814266560_1
2019-09-16 17:43:02,669 INFO org.apache.hadoop.hdfs.StateChange: DIR* completeFile: /tmp/hadoop-yarn/staging/harsha/.staging/job_1568146808723_0011/COMMIT_STARTED is closed by DFSClient_NONMAPREDUCE_-759859725_1
2019-09-16 17:43:02,733 INFO org.apache.hadoop.hdfs.StateChange: DIR* completeFile: /jstest/harsha/urls/_SUCCESS is closed by DFSClient_NONMAPREDUCE_-759859725_1
2019-09-16 17:43:02,743 INFO org.apache.hadoop.hdfs.StateChange: DIR* completeFile: /tmp/hadoop-yarn/staging/harsha/.staging/job_1568146808723_0011/COMMIT_SUCCESS is closed by DFSClient_NONMAPREDUCE_-759859725_1
2019-09-16 17:43:02,764 INFO BlockStateChange: BLOCK* addStoredBlock: blockMap updated: 127.0.0.1:50010 is added to blk_1073741990_1166{UCState=UNDER_CONSTRUCTION, truncateBlock=null, primaryNodeIndex=-1, replicas=[ReplicaUC[[DISK]DS-ee8a1665-f3a5-401b-be5a-8d2577387748:NORMAL:127.0.0.1:50010|RBW]]} size 13118
2019-09-16 17:43:02,769 INFO org.apache.hadoop.hdfs.StateChange: DIR* completeFile: /tmp/hadoop-yarn/staging/harsha/.staging/job_1568146808723_0011/job_1568146808723_0011_1.jhist is closed by DFSClient_NONMAPREDUCE_-759859725_1
2019-09-16 17:43:02,779 INFO org.apache.hadoop.hdfs.StateChange: BLOCK* allocate blk_1073741992_1168{UCState=UNDER_CONSTRUCTION, truncateBlock=null, primaryNodeIndex=-1, replicas=[ReplicaUC[[DISK]DS-ee8a1665-f3a5-401b-be5a-8d2577387748:NORMAL:127.0.0.1:50010|RBW]]} for /tmp/hadoop-yarn/staging/history/done_intermediate/harsha/job_1568146808723_0011.summary_tmp
2019-09-16 17:43:02,791 INFO BlockStateChange: BLOCK* addStoredBlock: blockMap updated: 127.0.0.1:50010 is added to blk_1073741992_1168{UCState=UNDER_CONSTRUCTION, truncateBlock=null, primaryNodeIndex=-1, replicas=[ReplicaUC[[DISK]DS-ee8a1665-f3a5-401b-be5a-8d2577387748:NORMAL:127.0.0.1:50010|RBW]]} size 0
2019-09-16 17:43:02,797 INFO org.apache.hadoop.hdfs.StateChange: DIR* completeFile: /tmp/hadoop-yarn/staging/history/done_intermediate/harsha/job_1568146808723_0011.summary_tmp is closed by DFSClient_NONMAPREDUCE_-759859725_1
2019-09-16 17:43:02,832 INFO org.apache.hadoop.hdfs.StateChange: BLOCK* allocate blk_1073741993_1169{UCState=UNDER_CONSTRUCTION, truncateBlock=null, primaryNodeIndex=-1, replicas=[ReplicaUC[[DISK]DS-ee8a1665-f3a5-401b-be5a-8d2577387748:NORMAL:127.0.0.1:50010|RBW]]} for /tmp/hadoop-yarn/staging/history/done_intermediate/harsha/job_1568146808723_0011-1568655763549-harsha-word+count-1568655782744-1-1-SUCCEEDED-default-1568655770513.jhist_tmp
2019-09-16 17:43:02,844 INFO BlockStateChange: BLOCK* addStoredBlock: blockMap updated: 127.0.0.1:50010 is added to blk_1073741993_1169{UCState=UNDER_CONSTRUCTION, truncateBlock=null, primaryNodeIndex=-1, replicas=[ReplicaUC[[DISK]DS-ee8a1665-f3a5-401b-be5a-8d2577387748:NORMAL:127.0.0.1:50010|RBW]]} size 0
2019-09-16 17:43:02,849 INFO org.apache.hadoop.hdfs.StateChange: DIR* completeFile: /tmp/hadoop-yarn/staging/history/done_intermediate/harsha/job_1568146808723_0011-1568655763549-harsha-word+count-1568655782744-1-1-SUCCEEDED-default-1568655770513.jhist_tmp is closed by DFSClient_NONMAPREDUCE_-759859725_1
2019-09-16 17:43:02,867 INFO org.apache.hadoop.hdfs.StateChange: BLOCK* allocate blk_1073741994_1170{UCState=UNDER_CONSTRUCTION, truncateBlock=null, primaryNodeIndex=-1, replicas=[ReplicaUC[[DISK]DS-ee8a1665-f3a5-401b-be5a-8d2577387748:NORMAL:127.0.0.1:50010|RBW]]} for /tmp/hadoop-yarn/staging/history/done_intermediate/harsha/job_1568146808723_0011_conf.xml_tmp
2019-09-16 17:43:02,895 INFO BlockStateChange: BLOCK* addStoredBlock: blockMap updated: 127.0.0.1:50010 is added to blk_1073741994_1170{UCState=UNDER_CONSTRUCTION, truncateBlock=null, primaryNodeIndex=-1, replicas=[ReplicaUC[[DISK]DS-ee8a1665-f3a5-401b-be5a-8d2577387748:NORMAL:127.0.0.1:50010|RBW]]} size 0
2019-09-16 17:43:02,900 INFO org.apache.hadoop.hdfs.StateChange: DIR* completeFile: /tmp/hadoop-yarn/staging/history/done_intermediate/harsha/job_1568146808723_0011_conf.xml_tmp is closed by DFSClient_NONMAPREDUCE_-759859725_1
2019-09-16 17:43:03,947 INFO BlockStateChange: BLOCK* addToInvalidates: blk_1073741985_1161 127.0.0.1:50010 
2019-09-16 17:43:03,948 INFO BlockStateChange: BLOCK* addToInvalidates: blk_1073741986_1162 127.0.0.1:50010 
2019-09-16 17:43:03,948 INFO BlockStateChange: BLOCK* addToInvalidates: blk_1073741987_1163 127.0.0.1:50010 
2019-09-16 17:43:03,948 INFO BlockStateChange: BLOCK* addToInvalidates: blk_1073741988_1164 127.0.0.1:50010 
2019-09-16 17:43:03,948 INFO BlockStateChange: BLOCK* addToInvalidates: blk_1073741990_1166 127.0.0.1:50010 
2019-09-16 17:43:03,948 INFO BlockStateChange: BLOCK* addToInvalidates: blk_1073741989_1165 127.0.0.1:50010 
2019-09-16 17:43:05,459 INFO BlockStateChange: BLOCK* BlockManager: ask 127.0.0.1:50010 to delete [blk_1073741985_1161, blk_1073741986_1162, blk_1073741987_1163, blk_1073741988_1164, blk_1073741989_1165, blk_1073741990_1166]
2019-09-16 17:43:55,198 INFO org.apache.hadoop.hdfs.server.namenode.FSEditLog: Number of transactions: 175 Total time for transactions(ms): 7 Number of transactions batched in Syncs: 1 Number of syncs: 123 SyncTimes(ms): 1558 
2019-09-16 17:43:55,203 INFO BlockStateChange: BLOCK* addToInvalidates: blk_1073741992_1168 127.0.0.1:50010 
2019-09-16 17:43:55,208 INFO BlockStateChange: BLOCK* addToInvalidates: blk_1073741982_1158 127.0.0.1:50010 
2019-09-16 17:43:56,462 INFO BlockStateChange: BLOCK* BlockManager: ask 127.0.0.1:50010 to delete [blk_1073741992_1168, blk_1073741982_1158]
